[2022-03-05 00:54:45,799] INFO ZooKeeper audit is disabled. (org.apache.zookeeper.audit.ZKAuditProvider)
[2022-03-05 00:54:45,817] INFO 21 txns loaded in 1757 ms (org.apache.zookeeper.server.persistence.FileTxnSnapLog)
[2022-03-05 00:54:45,817] INFO Snapshot loaded in 2332 ms, highest zxid is 0x13b, digest is 534472352948 (org.apache.zookeeper.server.ZKDatabase)
[2022-03-05 00:54:45,818] INFO Snapshotting: 0x13b to /var/lib/zookeeper/data/version-2/snapshot.13b (org.apache.zookeeper.server.persistence.FileTxnSnapLog)
[2022-03-05 00:54:45,844] INFO Snapshot taken in 26 ms (org.apache.zookeeper.server.ZooKeeperServer)
[2022-03-05 00:54:45,884] INFO PrepRequestProcessor (sid:0) started, reconfigEnabled=false (org.apache.zookeeper.server.PrepRequestProcessor)
[2022-03-05 00:54:45,885] INFO zookeeper.request_throttler.shutdownTimeout = 10000 (org.apache.zookeeper.server.RequestThrottler)
[2022-03-05 00:54:46,019] INFO Using checkIntervalMs=60000 maxPerMinute=10000 maxNeverUsedIntervalMs=0 (org.apache.zookeeper.server.ContainerManager)
[2022-03-05 00:54:47,819] INFO Creating new log file: log.13c (org.apache.zookeeper.server.persistence.FileTxnLog)
[2022-03-05 00:55:04,843] INFO Expiring session 0x1000143c7020001, timeout of 18000ms exceeded (org.apache.zookeeper.server.ZooKeeperServer)
[2022-03-05 00:54:45,818] INFO Snapshotting: 0x13b to /var/lib/zookeeper/data/version-2/snapshot.13b (org.apache.zookeeper.server.persistence.FileTxnSnapLog)
[2022-03-05 00:54:45,844] INFO Snapshot taken in 26 ms (org.apache.zookeeper.server.ZooKeeperServer)
[2022-03-05 00:54:45,884] INFO PrepRequestProcessor (sid:0) started, reconfigEnabled=false (org.apache.zookeeper.server.PrepRequestProcessor)
[2022-03-05 00:54:45,885] INFO zookeeper.request_throttler.shutdownTimeout = 10000 (org.apache.zookeeper.server.RequestThrottler)
[2022-03-05 00:54:46,019] INFO Using checkIntervalMs=60000 maxPerMinute=10000 maxNeverUsedIntervalMs=0 (org.apache.zookeeper.server.ContainerManager)
[2022-03-05 00:54:47,819] INFO Creating new log file: log.13c (org.apache.zookeeper.server.persistence.FileTxnLog)
[2022-03-05 00:55:04,843] INFO Expiring session 0x1000143c7020001, timeout of 18000ms exceeded (org.apache.zookeeper.server.ZooKeeperServer)
===> User
uid=1000(appuser) gid=1000(appuser) groups=1000(appuser)
===> Configuring ...
===> Running preflight checks ... 
===> Check if /var/lib/zookeeper/data is writable ...
===> Check if /var/lib/zookeeper/log is writable ...
===> Launching ... 
===> Printing /var/lib/zookeeper/data/myid 
1===> Launching zookeeper ... 
[2022-03-05 01:21:19,595] INFO Reading configuration from: /etc/kafka/zookeeper.properties (org.apache.zookeeper.server.quorum.QuorumPeerConfig)
[2022-03-05 01:21:19,647] INFO clientPortAddress is 0.0.0.0:2183 (org.apache.zookeeper.server.quorum.QuorumPeerConfig)
[2022-03-05 01:21:19,648] INFO secureClientPort is not set (org.apache.zookeeper.server.quorum.QuorumPeerConfig)
[2022-03-05 01:21:19,648] INFO observerMasterPort is not set (org.apache.zookeeper.server.quorum.QuorumPeerConfig)
[2022-03-05 01:21:19,648] INFO metricsProvider.className is org.apache.zookeeper.metrics.impl.DefaultMetricsProvider (org.apache.zookeeper.server.quorum.QuorumPeerConfig)
[2022-03-05 01:21:19,734] ERROR Invalid configuration, only one server specified (ignoring) (org.apache.zookeeper.server.quorum.QuorumPeerConfig)
[2022-03-05 01:21:19,750] INFO autopurge.snapRetainCount set to 3 (org.apache.zookeeper.server.DatadirCleanupManager)
[2022-03-05 01:21:19,750] INFO autopurge.purgeInterval set to 0 (org.apache.zookeeper.server.DatadirCleanupManager)
[2022-03-05 01:21:19,750] INFO Purge task is not scheduled. (org.apache.zookeeper.server.DatadirCleanupManager)
[2022-03-05 01:21:19,750] WARN Either no config or no quorum defined in config, running in standalone mode (org.apache.zookeeper.server.quorum.QuorumPeerMain)
[2022-03-05 01:21:19,768] INFO Log4j 1.2 jmx support found and enabled. (org.apache.zookeeper.jmx.ManagedUtil)
[2022-03-05 01:21:19,906] INFO Reading configuration from: /etc/kafka/zookeeper.properties (org.apache.zookeeper.server.quorum.QuorumPeerConfig)
[2022-03-05 01:21:19,906] INFO clientPortAddress is 0.0.0.0:2183 (org.apache.zookeeper.server.quorum.QuorumPeerConfig)
[2022-03-05 01:21:19,906] INFO secureClientPort is not set (org.apache.zookeeper.server.quorum.QuorumPeerConfig)
[2022-03-05 01:21:19,907] INFO observerMasterPort is not set (org.apache.zookeeper.server.quorum.QuorumPeerConfig)
[2022-03-05 01:21:19,907] INFO metricsProvider.className is org.apache.zookeeper.metrics.impl.DefaultMetricsProvider (org.apache.zookeeper.server.quorum.QuorumPeerConfig)
[2022-03-05 01:21:19,907] ERROR Invalid configuration, only one server specified (ignoring) (org.apache.zookeeper.server.quorum.QuorumPeerConfig)
[2022-03-05 01:21:19,907] INFO Starting server (org.apache.zookeeper.server.ZooKeeperServerMain)
[2022-03-05 01:21:19,971] INFO ServerMetrics initialized with provider org.apache.zookeeper.metrics.impl.DefaultMetricsProvider@65f095f8 (org.apache.zookeeper.server.ServerMetrics)
[2022-03-05 01:21:19,976] INFO zookeeper.snapshot.trust.empty : false (org.apache.zookeeper.server.persistence.FileTxnSnapLog)
[2022-03-05 01:21:20,040] INFO  (org.apache.zookeeper.server.ZooKeeperServer)
[2022-03-05 01:21:20,065] INFO   ______                  _                                           (org.apache.zookeeper.server.ZooKeeperServer)
[2022-03-05 01:21:20,066] INFO  |___  /                 | |                                          (org.apache.zookeeper.server.ZooKeeperServer)
[2022-03-05 01:21:20,066] INFO     / /    ___     ___   | | __   ___    ___   _ __     ___   _ __    (org.apache.zookeeper.server.ZooKeeperServer)
[2022-03-05 01:21:20,071] INFO    / /    / _ \   / _ \  | |/ /  / _ \  / _ \ | '_ \   / _ \ | '__| (org.apache.zookeeper.server.ZooKeeperServer)
[2022-03-05 01:21:20,072] INFO   / /__  | (_) | | (_) | |   <  |  __/ |  __/ | |_) | |  __/ | |     (org.apache.zookeeper.server.ZooKeeperServer)
[2022-03-05 01:21:20,073] INFO  /_____|  \___/   \___/  |_|\_\  \___|  \___| | .__/   \___| |_| (org.apache.zookeeper.server.ZooKeeperServer)
[2022-03-05 01:21:20,074] INFO                                               | |                      (org.apache.zookeeper.server.ZooKeeperServer)
[2022-03-05 01:21:20,075] INFO                                               |_|                      (org.apache.zookeeper.server.ZooKeeperServer)
[2022-03-05 01:21:20,077] INFO  (org.apache.zookeeper.server.ZooKeeperServer)
[2022-03-05 01:21:20,082] INFO Server environment:zookeeper.version=3.6.3--6401e4ad2087061bc6b9f80dec2d69f2e3c8660a, built on 04/08/2021 16:35 GMT (org.apache.zookeeper.server.ZooKeeperServer)
[2022-03-05 01:21:20,085] INFO Server environment:host.name=670f872ae6fc (org.apache.zookeeper.server.ZooKeeperServer)
[2022-03-05 01:21:20,086] INFO Server environment:java.version=11.0.13 (org.apache.zookeeper.server.ZooKeeperServer)
[2022-03-05 01:21:20,087] INFO Server environment:java.vendor=Azul Systems, Inc. (org.apache.zookeeper.server.ZooKeeperServer)
[2022-03-05 01:21:20,096] INFO Server environment:java.home=/usr/lib/jvm/zulu11-ca (org.apache.zookeeper.server.ZooKeeperServer)
[2022-03-05 01:21:20,097] INFO Server environment:java.class.path=/usr/bin/../share/java/kafka/metrics-core-4.1.12.1.jar:/usr/bin/../share/java/kafka/netty-codec-4.1.68.Final.jar:/usr/bin/../share/java/kafka/kafka-storage-7.0.1-ccs.jar:/usr/bin/../share/java/kafka/kafka-streams-test-utils-7.0.1-ccs.jar:/usr/bin/../share/java/kafka/kafka-raft-7.0.1-ccs.jar:/usr/bin/../share/java/kafka/trogdor-7.0.1-ccs.jar:/usr/bin/../share/java/kafka/kafka-shell-7.0.1-ccs.jar:/usr/bin/../share/java/kafka/jetty-io-9.4.43.v20210629.jar:/usr/bin/../share/java/kafka/zookeeper-3.6.3.jar:/usr/bin/../share/java/kafka/jackson-core-2.12.3.jar:/usr/bin/../share/java/kafka/scala-logging_2.13-3.9.3.jar:/usr/bin/../share/java/kafka/jackson-jaxrs-base-2.12.3.jar:/usr/bin/../share/java/kafka/jetty-server-9.4.43.v20210629.jar:/usr/bin/../share/java/kafka/commons-cli-1.4.jar:/usr/bin/../share/java/kafka/jline-3.12.1.jar:/usr/bin/../share/java/kafka/slf4j-log4j12-1.7.30.jar:/usr/bin/../share/java/kafka/jackson-dataformat-csv-2.12.3.jar:/usr/bin/../share/java/kafka/jersey-hk2-2.34.jar:/usr/bin/../share/java/kafka/jetty-servlets-9.4.43.v20210629.jar:/usr/bin/../share/java/kafka/jakarta.validation-api-2.0.2.jar:/usr/bin/../share/java/kafka/hk2-api-2.6.1.jar:/usr/bin/../share/java/kafka/jackson-module-scala_2.13-2.12.3.jar:/usr/bin/../share/java/kafka/aopalliance-repackaged-2.6.1.jar:/usr/bin/../share/java/kafka/netty-handler-4.1.68.Final.jar:/usr/bin/../share/java/kafka/kafka-server-common-7.0.1-ccs.jar:/usr/bin/../share/java/kafka/javax.servlet-api-3.1.0.jar:/usr/bin/../share/java/kafka/jersey-container-servlet-core-2.34.jar:/usr/bin/../share/java/kafka/snappy-java-1.1.8.1.jar:/usr/bin/../share/java/kafka/connect-mirror-7.0.1-ccs.jar:/usr/bin/../share/java/kafka/jersey-container-servlet-2.34.jar:/usr/bin/../share/java/kafka/lz4-java-1.7.1.jar:/usr/bin/../share/java/kafka/argparse4j-0.7.0.jar:/usr/bin/../share/java/kafka/kafka-metadata-7.0.1-ccs.jar:/usr/bin/../share/java/kafka/jersey-server-2.34.jar:/usr/bin/../share/java/kafka/kafka-storage-api-7.0.1-ccs.jar:/usr/bin/../share/java/kafka/kafka-streams-7.0.1-ccs.jar:/usr/bin/../share/java/kafka/jersey-common-2.34.jar:/usr/bin/../share/java/kafka/audience-annotations-0.5.0.jar:/usr/bin/../share/java/kafka/metrics-core-2.2.0.jar:/usr/bin/../share/java/kafka/netty-transport-4.1.68.Final.jar:/usr/bin/../share/java/kafka/jaxb-api-2.3.0.jar:/usr/bin/../share/java/kafka/zookeeper-jute-3.6.3.jar:/usr/bin/../share/java/kafka/jetty-http-9.4.43.v20210629.jar:/usr/bin/../share/java/kafka/jersey-client-2.34.jar:/usr/bin/../share/java/kafka/zstd-jni-1.5.0-2.jar:/usr/bin/../share/java/kafka/kafka-tools-7.0.1-ccs.jar:/usr/bin/../share/java/kafka/maven-artifact-3.8.1.jar:/usr/bin/../share/java/kafka/connect-json-7.0.1-ccs.jar:/usr/bin/../share/java/kafka/reflections-0.9.12.jar:/usr/bin/../share/java/kafka/jackson-module-jaxb-annotations-2.12.3.jar:/usr/bin/../share/java/kafka/rocksdbjni-6.19.3.jar:/usr/bin/../share/java/kafka/connect-basic-auth-extension-7.0.1-ccs.jar:/usr/bin/../share/java/kafka/jakarta.ws.rs-api-2.1.6.jar:/usr/bin/../share/java/kafka/jetty-security-9.4.43.v20210629.jar:/usr/bin/../share/java/kafka/scala-library-2.13.6.jar:/usr/bin/../share/java/kafka/netty-transport-native-epoll-4.1.68.Final.jar:/usr/bin/../share/java/kafka/netty-transport-native-unix-common-4.1.68.Final.jar:/usr/bin/../share/java/kafka/connect-runtime-7.0.1-ccs.jar:/usr/bin/../share/java/kafka/scala-java8-compat_2.13-1.0.0.jar:/usr/bin/../share/java/kafka/kafka_2.13-7.0.1-ccs.jar:/usr/bin/../share/java/kafka/confluent-log4j-1.2.17-cp2.jar:/usr/bin/../share/java/kafka/netty-common-4.1.68.Final.jar:/usr/bin/../share/java/kafka/connect-api-7.0.1-ccs.jar:/usr/bin/../share/java/kafka/kafka-log4j-appender-7.0.1-ccs.jar:/usr/bin/../share/java/kafka/javassist-3.27.0-GA.jar:/usr/bin/../share/java/kafka/osgi-resource-locator-1.0.3.jar:/usr/bin/../share/java/kafka/hk2-utils-2.6.1.jar:/usr/bin/../share/java/kafka/slf4j-api-1.7.30.jar:/usr/bin/../share/java/kafka/jackson-jaxrs-json-provider-2.12.3.jar:/usr/bin/../share/java/kafka/kafka-clients-7.0.1-ccs.jar:/usr/bin/../share/java/kafka/jetty-util-ajax-9.4.43.v20210629.jar:/usr/bin/../share/java/kafka/plexus-utils-3.2.1.jar:/usr/bin/../share/java/kafka/netty-resolver-4.1.68.Final.jar:/usr/bin/../share/java/kafka/jackson-databind-2.12.3.jar:/usr/bin/../share/java/kafka/jetty-client-9.4.43.v20210629.jar:/usr/bin/../share/java/kafka/jakarta.xml.bind-api-2.3.2.jar:/usr/bin/../share/java/kafka/jackson-annotations-2.12.3.jar:/usr/bin/../share/java/kafka/connect-transforms-7.0.1-ccs.jar:/usr/bin/../share/java/kafka/netty-buffer-4.1.68.Final.jar:/usr/bin/../share/java/kafka/scala-reflect-2.13.6.jar:/usr/bin/../share/java/kafka/jopt-simple-5.0.4.jar:/usr/bin/../share/java/kafka/kafka.jar:/usr/bin/../share/java/kafka/javax.ws.rs-api-2.1.1.jar:/usr/bin/../share/java/kafka/hk2-locator-2.6.1.jar:/usr/bin/../share/java/kafka/paranamer-2.8.jar:/usr/bin/../share/java/kafka/activation-1.1.1.jar:/usr/bin/../share/java/kafka/jakarta.annotation-api-1.3.5.jar:/usr/bin/../share/java/kafka/scala-collection-compat_2.13-2.4.4.jar:/usr/bin/../share/java/kafka/connect-mirror-client-7.0.1-ccs.jar:/usr/bin/../share/java/kafka/kafka-streams-examples-7.0.1-ccs.jar:/usr/bin/../share/java/kafka/jakarta.inject-2.6.1.jar:/usr/bin/../share/java/kafka/jetty-continuation-9.4.43.v20210629.jar:/usr/bin/../share/java/kafka/jetty-util-9.4.43.v20210629.jar:/usr/bin/../share/java/kafka/commons-lang3-3.8.1.jar:/usr/bin/../share/java/kafka/jetty-servlet-9.4.43.v20210629.jar:/usr/bin/../share/java/kafka/kafka-streams-scala_2.13-7.0.1-ccs.jar:/usr/bin/../share/java/kafka/jackson-datatype-jdk8-2.12.3.jar:/usr/bin/../share/java/kafka/jakarta.activation-api-1.2.1.jar:/usr/bin/../share/java/confluent-telemetry/* (org.apache.zookeeper.server.ZooKeeperServer)
[2022-03-05 01:21:20,098] INFO Server environment:java.library.path=/usr/java/packages/lib:/usr/lib64:/lib64:/lib:/usr/lib (org.apache.zookeeper.server.ZooKeeperServer)
[2022-03-05 01:21:20,099] INFO Server environment:java.io.tmpdir=/tmp (org.apache.zookeeper.server.ZooKeeperServer)
[2022-03-05 01:21:20,106] INFO Server environment:java.compiler=<NA> (org.apache.zookeeper.server.ZooKeeperServer)
[2022-03-05 01:21:20,107] INFO Server environment:os.name=Linux (org.apache.zookeeper.server.ZooKeeperServer)
[2022-03-05 01:21:20,107] INFO Server environment:os.arch=amd64 (org.apache.zookeeper.server.ZooKeeperServer)
[2022-03-05 01:21:20,108] INFO Server environment:os.version=5.13.0-30-generic (org.apache.zookeeper.server.ZooKeeperServer)
[2022-03-05 01:21:20,110] INFO Server environment:user.name=appuser (org.apache.zookeeper.server.ZooKeeperServer)
[2022-03-05 01:21:20,111] INFO Server environment:user.home=/home/appuser (org.apache.zookeeper.server.ZooKeeperServer)
[2022-03-05 01:21:20,113] INFO Server environment:user.dir=/home/appuser (org.apache.zookeeper.server.ZooKeeperServer)
[2022-03-05 01:21:20,115] INFO Server environment:os.memory.free=493MB (org.apache.zookeeper.server.ZooKeeperServer)
[2022-03-05 01:21:20,115] INFO Server environment:os.memory.max=512MB (org.apache.zookeeper.server.ZooKeeperServer)
[2022-03-05 01:21:20,116] INFO Server environment:os.memory.total=512MB (org.apache.zookeeper.server.ZooKeeperServer)
[2022-03-05 01:21:20,117] INFO zookeeper.enableEagerACLCheck = false (org.apache.zookeeper.server.ZooKeeperServer)
[2022-03-05 01:21:20,118] INFO zookeeper.digest.enabled = true (org.apache.zookeeper.server.ZooKeeperServer)
[2022-03-05 01:21:20,118] INFO zookeeper.closeSessionTxn.enabled = true (org.apache.zookeeper.server.ZooKeeperServer)
[2022-03-05 01:21:20,120] INFO zookeeper.flushDelay=0 (org.apache.zookeeper.server.ZooKeeperServer)
[2022-03-05 01:21:20,121] INFO zookeeper.maxWriteQueuePollTime=0 (org.apache.zookeeper.server.ZooKeeperServer)
[2022-03-05 01:21:20,122] INFO zookeeper.maxBatchSize=1000 (org.apache.zookeeper.server.ZooKeeperServer)
[2022-03-05 01:21:20,123] INFO zookeeper.intBufferStartingSizeBytes = 1024 (org.apache.zookeeper.server.ZooKeeperServer)
[2022-03-05 01:21:20,126] INFO Weighed connection throttling is disabled (org.apache.zookeeper.server.BlueThrottle)
[2022-03-05 01:21:20,129] INFO minSessionTimeout set to 4000 (org.apache.zookeeper.server.ZooKeeperServer)
[2022-03-05 01:21:20,130] INFO maxSessionTimeout set to 40000 (org.apache.zookeeper.server.ZooKeeperServer)
[2022-03-05 01:21:20,133] INFO Response cache size is initialized with value 400. (org.apache.zookeeper.server.ResponseCache)
[2022-03-05 01:21:20,140] INFO Response cache size is initialized with value 400. (org.apache.zookeeper.server.ResponseCache)
[2022-03-05 01:21:20,143] INFO zookeeper.pathStats.slotCapacity = 60 (org.apache.zookeeper.server.util.RequestPathMetricsCollector)
[2022-03-05 01:21:20,145] INFO zookeeper.pathStats.slotDuration = 15 (org.apache.zookeeper.server.util.RequestPathMetricsCollector)
[2022-03-05 01:21:20,148] INFO zookeeper.pathStats.maxDepth = 6 (org.apache.zookeeper.server.util.RequestPathMetricsCollector)
[2022-03-05 01:21:20,150] INFO zookeeper.pathStats.initialDelay = 5 (org.apache.zookeeper.server.util.RequestPathMetricsCollector)
[2022-03-05 01:21:20,152] INFO zookeeper.pathStats.delay = 5 (org.apache.zookeeper.server.util.RequestPathMetricsCollector)
[2022-03-05 01:21:20,153] INFO zookeeper.pathStats.enabled = false (org.apache.zookeeper.server.util.RequestPathMetricsCollector)
[2022-03-05 01:21:20,161] INFO The max bytes for all large requests are set to 104857600 (org.apache.zookeeper.server.ZooKeeperServer)
[2022-03-05 01:21:20,164] INFO The large request threshold is set to -1 (org.apache.zookeeper.server.ZooKeeperServer)
[2022-03-05 01:21:20,166] INFO Created server with tickTime 2000 minSessionTimeout 4000 maxSessionTimeout 40000 clientPortListenBacklog -1 datadir /var/lib/zookeeper/log/version-2 snapdir /var/lib/zookeeper/data/version-2 (org.apache.zookeeper.server.ZooKeeperServer)
[2022-03-05 01:21:20,340] INFO Logging initialized @9143ms to org.eclipse.jetty.util.log.Slf4jLog (org.eclipse.jetty.util.log)
[2022-03-05 01:21:20,859] WARN o.e.j.s.ServletContextHandler@45385f75{/,null,STOPPED} contextPath ends with /* (org.eclipse.jetty.server.handler.ContextHandler)
[2022-03-05 01:21:20,873] WARN Empty contextPath (org.eclipse.jetty.server.handler.ContextHandler)
[2022-03-05 01:21:20,979] INFO jetty-9.4.43.v20210629; built: 2021-06-30T11:07:22.254Z; git: 526006ecfa3af7f1a27ef3a288e2bef7ea9dd7e8; jvm 11.0.13+8-LTS (org.eclipse.jetty.server.Server)
[2022-03-05 01:21:21,146] INFO DefaultSessionIdManager workerName=node0 (org.eclipse.jetty.server.session)
[2022-03-05 01:21:21,146] INFO No SessionScavenger set, using defaults (org.eclipse.jetty.server.session)
[2022-03-05 01:21:21,150] INFO node0 Scavenging every 660000ms (org.eclipse.jetty.server.session)
[2022-03-05 01:21:21,155] WARN ServletContext@o.e.j.s.ServletContextHandler@45385f75{/,null,STARTING} has uncovered http methods for path: /* (org.eclipse.jetty.security.SecurityHandler)
[2022-03-05 01:21:21,207] INFO Started o.e.j.s.ServletContextHandler@45385f75{/,null,AVAILABLE} (org.eclipse.jetty.server.handler.ContextHandler)
[2022-03-05 01:21:21,278] INFO Started ServerConnector@72bc6553{HTTP/1.1, (http/1.1)}{0.0.0.0:8080} (org.eclipse.jetty.server.AbstractConnector)
[2022-03-05 01:21:21,281] INFO Started @10084ms (org.eclipse.jetty.server.Server)
[2022-03-05 01:21:21,281] INFO Started AdminServer on address 0.0.0.0, port 8080 and command URL /commands (org.apache.zookeeper.server.admin.JettyAdminServer)
[2022-03-05 01:21:21,292] INFO Using org.apache.zookeeper.server.NIOServerCnxnFactory as server connection factory (org.apache.zookeeper.server.ServerCnxnFactory)
[2022-03-05 01:21:21,293] WARN maxCnxns is not configured, using default value 0. (org.apache.zookeeper.server.ServerCnxnFactory)
[2022-03-05 01:21:21,300] INFO Configuring NIO connection handler with 10s sessionless connection timeout, 1 selector thread(s), 8 worker threads, and 64 kB direct buffers. (org.apache.zookeeper.server.NIOServerCnxnFactory)
[2022-03-05 01:21:21,305] INFO binding to port 0.0.0.0/0.0.0.0:2183 (org.apache.zookeeper.server.NIOServerCnxnFactory)
[2022-03-05 01:21:21,367] INFO Using org.apache.zookeeper.server.watch.WatchManager as watch manager (org.apache.zookeeper.server.watch.WatchManagerFactory)
[2022-03-05 01:21:21,369] INFO Using org.apache.zookeeper.server.watch.WatchManager as watch manager (org.apache.zookeeper.server.watch.WatchManagerFactory)
[2022-03-05 01:21:21,387] INFO zookeeper.snapshotSizeFactor = 0.33 (org.apache.zookeeper.server.ZKDatabase)
[2022-03-05 01:21:21,388] INFO zookeeper.commitLogCount=500 (org.apache.zookeeper.server.ZKDatabase)
[2022-03-05 01:21:21,399] INFO zookeeper.snapshot.compression.method = CHECKED (org.apache.zookeeper.server.persistence.SnapStream)
[2022-03-05 01:21:21,402] INFO Reading snapshot /var/lib/zookeeper/data/version-2/snapshot.13b (org.apache.zookeeper.server.persistence.FileSnap)
[2022-03-05 01:21:21,452] INFO The digest in the snapshot has digest version of 2, , with zxid as 0x13b, and digest value as 534472352948 (org.apache.zookeeper.server.DataTree)
[2022-03-05 01:21:21,487] INFO ZooKeeper audit is disabled. (org.apache.zookeeper.audit.ZKAuditProvider)
[2022-03-05 01:21:21,517] INFO 25 txns loaded in 57 ms (org.apache.zookeeper.server.persistence.FileTxnSnapLog)
[2022-03-05 01:21:21,518] INFO Snapshot loaded in 126 ms, highest zxid is 0x154, digest is 528670410689 (org.apache.zookeeper.server.ZKDatabase)
[2022-03-05 01:21:21,518] INFO Snapshotting: 0x154 to /var/lib/zookeeper/data/version-2/snapshot.154 (org.apache.zookeeper.server.persistence.FileTxnSnapLog)
[2022-03-05 01:21:21,555] INFO Snapshot taken in 37 ms (org.apache.zookeeper.server.ZooKeeperServer)
[2022-03-05 01:21:21,590] INFO zookeeper.request_throttler.shutdownTimeout = 10000 (org.apache.zookeeper.server.RequestThrottler)
[2022-03-05 01:21:21,594] INFO PrepRequestProcessor (sid:0) started, reconfigEnabled=false (org.apache.zookeeper.server.PrepRequestProcessor)
[2022-03-05 01:21:21,694] INFO Using checkIntervalMs=60000 maxPerMinute=10000 maxNeverUsedIntervalMs=0 (org.apache.zookeeper.server.ContainerManager)
[2022-03-05 01:21:22,408] INFO Creating new log file: log.155 (org.apache.zookeeper.server.persistence.FileTxnLog)
	at org.apache.zookeeper.server.NIOServerCnxn.handleFailedRead(NIOServerCnxn.java:163)
	at org.apache.zookeeper.server.NIOServerCnxn.doIO(NIOServerCnxn.java:326)
	at org.apache.zookeeper.server.NIOServerCnxnFactory$IOWorkRequest.doWork(NIOServerCnxnFactory.java:522)
	at org.apache.zookeeper.server.WorkerService$ScheduledWorkRequest.run(WorkerService.java:154)
	at java.base/java.util.concurrent.ThreadPoolExecutor.runWorker(ThreadPoolExecutor.java:1128)
	at java.base/java.util.concurrent.ThreadPoolExecutor$Worker.run(ThreadPoolExecutor.java:628)
	at java.base/java.lang.Thread.run(Thread.java:829)
===> User
uid=1000(appuser) gid=1000(appuser) groups=1000(appuser)
===> Configuring ...
===> Running preflight checks ... 
===> Check if /var/lib/zookeeper/data is writable ...
===> Check if /var/lib/zookeeper/log is writable ...
===> Launching ... 
===> Printing /var/lib/zookeeper/data/myid 
1===> Launching zookeeper ... 
[2022-03-05 01:25:46,582] INFO Reading configuration from: /etc/kafka/zookeeper.properties (org.apache.zookeeper.server.quorum.QuorumPeerConfig)
[2022-03-05 01:25:46,648] INFO clientPortAddress is 0.0.0.0:2183 (org.apache.zookeeper.server.quorum.QuorumPeerConfig)
[2022-03-05 01:25:46,649] INFO secureClientPort is not set (org.apache.zookeeper.server.quorum.QuorumPeerConfig)
[2022-03-05 01:25:46,650] INFO observerMasterPort is not set (org.apache.zookeeper.server.quorum.QuorumPeerConfig)
[2022-03-05 01:25:46,650] INFO metricsProvider.className is org.apache.zookeeper.metrics.impl.DefaultMetricsProvider (org.apache.zookeeper.server.quorum.QuorumPeerConfig)
[2022-03-05 01:25:46,722] ERROR Invalid configuration, only one server specified (ignoring) (org.apache.zookeeper.server.quorum.QuorumPeerConfig)
[2022-03-05 01:25:46,745] INFO autopurge.snapRetainCount set to 3 (org.apache.zookeeper.server.DatadirCleanupManager)
[2022-03-05 01:25:46,745] INFO autopurge.purgeInterval set to 0 (org.apache.zookeeper.server.DatadirCleanupManager)
[2022-03-05 01:25:46,746] INFO Purge task is not scheduled. (org.apache.zookeeper.server.DatadirCleanupManager)
[2022-03-05 01:25:46,747] WARN Either no config or no quorum defined in config, running in standalone mode (org.apache.zookeeper.server.quorum.QuorumPeerMain)
[2022-03-05 01:25:46,763] INFO Log4j 1.2 jmx support found and enabled. (org.apache.zookeeper.jmx.ManagedUtil)
[2022-03-05 01:25:46,844] INFO Reading configuration from: /etc/kafka/zookeeper.properties (org.apache.zookeeper.server.quorum.QuorumPeerConfig)
[2022-03-05 01:25:46,848] INFO clientPortAddress is 0.0.0.0:2183 (org.apache.zookeeper.server.quorum.QuorumPeerConfig)
[2022-03-05 01:25:46,850] INFO secureClientPort is not set (org.apache.zookeeper.server.quorum.QuorumPeerConfig)
[2022-03-05 01:25:46,851] INFO observerMasterPort is not set (org.apache.zookeeper.server.quorum.QuorumPeerConfig)
[2022-03-05 01:25:46,852] INFO metricsProvider.className is org.apache.zookeeper.metrics.impl.DefaultMetricsProvider (org.apache.zookeeper.server.quorum.QuorumPeerConfig)
[2022-03-05 01:25:46,854] ERROR Invalid configuration, only one server specified (ignoring) (org.apache.zookeeper.server.quorum.QuorumPeerConfig)
[2022-03-05 01:25:46,855] INFO Starting server (org.apache.zookeeper.server.ZooKeeperServerMain)
[2022-03-05 01:25:46,877] INFO ServerMetrics initialized with provider org.apache.zookeeper.metrics.impl.DefaultMetricsProvider@59af0466 (org.apache.zookeeper.server.ServerMetrics)
[2022-03-05 01:25:46,887] INFO zookeeper.snapshot.trust.empty : false (org.apache.zookeeper.server.persistence.FileTxnSnapLog)
[2022-03-05 01:25:46,912] INFO  (org.apache.zookeeper.server.ZooKeeperServer)
[2022-03-05 01:25:46,921] INFO   ______                  _                                           (org.apache.zookeeper.server.ZooKeeperServer)
[2022-03-05 01:25:46,921] INFO  |___  /                 | |                                          (org.apache.zookeeper.server.ZooKeeperServer)
[2022-03-05 01:25:46,922] INFO     / /    ___     ___   | | __   ___    ___   _ __     ___   _ __    (org.apache.zookeeper.server.ZooKeeperServer)
[2022-03-05 01:25:46,923] INFO    / /    / _ \   / _ \  | |/ /  / _ \  / _ \ | '_ \   / _ \ | '__| (org.apache.zookeeper.server.ZooKeeperServer)
[2022-03-05 01:25:46,923] INFO   / /__  | (_) | | (_) | |   <  |  __/ |  __/ | |_) | |  __/ | |     (org.apache.zookeeper.server.ZooKeeperServer)
[2022-03-05 01:25:46,924] INFO  /_____|  \___/   \___/  |_|\_\  \___|  \___| | .__/   \___| |_| (org.apache.zookeeper.server.ZooKeeperServer)
[2022-03-05 01:25:46,924] INFO                                               | |                      (org.apache.zookeeper.server.ZooKeeperServer)
[2022-03-05 01:25:46,925] INFO                                               |_|                      (org.apache.zookeeper.server.ZooKeeperServer)
[2022-03-05 01:25:46,925] INFO  (org.apache.zookeeper.server.ZooKeeperServer)
[2022-03-05 01:25:46,928] INFO Server environment:zookeeper.version=3.6.3--6401e4ad2087061bc6b9f80dec2d69f2e3c8660a, built on 04/08/2021 16:35 GMT (org.apache.zookeeper.server.ZooKeeperServer)
[2022-03-05 01:25:46,931] INFO Server environment:host.name=670f872ae6fc (org.apache.zookeeper.server.ZooKeeperServer)
[2022-03-05 01:25:46,932] INFO Server environment:java.version=11.0.13 (org.apache.zookeeper.server.ZooKeeperServer)
[2022-03-05 01:25:46,933] INFO Server environment:java.vendor=Azul Systems, Inc. (org.apache.zookeeper.server.ZooKeeperServer)
[2022-03-05 01:25:46,933] INFO Server environment:java.home=/usr/lib/jvm/zulu11-ca (org.apache.zookeeper.server.ZooKeeperServer)
[2022-03-05 01:25:46,933] INFO Server environment:java.class.path=/usr/bin/../share/java/kafka/metrics-core-4.1.12.1.jar:/usr/bin/../share/java/kafka/netty-codec-4.1.68.Final.jar:/usr/bin/../share/java/kafka/kafka-storage-7.0.1-ccs.jar:/usr/bin/../share/java/kafka/kafka-streams-test-utils-7.0.1-ccs.jar:/usr/bin/../share/java/kafka/kafka-raft-7.0.1-ccs.jar:/usr/bin/../share/java/kafka/trogdor-7.0.1-ccs.jar:/usr/bin/../share/java/kafka/kafka-shell-7.0.1-ccs.jar:/usr/bin/../share/java/kafka/jetty-io-9.4.43.v20210629.jar:/usr/bin/../share/java/kafka/zookeeper-3.6.3.jar:/usr/bin/../share/java/kafka/jackson-core-2.12.3.jar:/usr/bin/../share/java/kafka/scala-logging_2.13-3.9.3.jar:/usr/bin/../share/java/kafka/jackson-jaxrs-base-2.12.3.jar:/usr/bin/../share/java/kafka/jetty-server-9.4.43.v20210629.jar:/usr/bin/../share/java/kafka/commons-cli-1.4.jar:/usr/bin/../share/java/kafka/jline-3.12.1.jar:/usr/bin/../share/java/kafka/slf4j-log4j12-1.7.30.jar:/usr/bin/../share/java/kafka/jackson-dataformat-csv-2.12.3.jar:/usr/bin/../share/java/kafka/jersey-hk2-2.34.jar:/usr/bin/../share/java/kafka/jetty-servlets-9.4.43.v20210629.jar:/usr/bin/../share/java/kafka/jakarta.validation-api-2.0.2.jar:/usr/bin/../share/java/kafka/hk2-api-2.6.1.jar:/usr/bin/../share/java/kafka/jackson-module-scala_2.13-2.12.3.jar:/usr/bin/../share/java/kafka/aopalliance-repackaged-2.6.1.jar:/usr/bin/../share/java/kafka/netty-handler-4.1.68.Final.jar:/usr/bin/../share/java/kafka/kafka-server-common-7.0.1-ccs.jar:/usr/bin/../share/java/kafka/javax.servlet-api-3.1.0.jar:/usr/bin/../share/java/kafka/jersey-container-servlet-core-2.34.jar:/usr/bin/../share/java/kafka/snappy-java-1.1.8.1.jar:/usr/bin/../share/java/kafka/connect-mirror-7.0.1-ccs.jar:/usr/bin/../share/java/kafka/jersey-container-servlet-2.34.jar:/usr/bin/../share/java/kafka/lz4-java-1.7.1.jar:/usr/bin/../share/java/kafka/argparse4j-0.7.0.jar:/usr/bin/../share/java/kafka/kafka-metadata-7.0.1-ccs.jar:/usr/bin/../share/java/kafka/jersey-server-2.34.jar:/usr/bin/../share/java/kafka/kafka-storage-api-7.0.1-ccs.jar:/usr/bin/../share/java/kafka/kafka-streams-7.0.1-ccs.jar:/usr/bin/../share/java/kafka/jersey-common-2.34.jar:/usr/bin/../share/java/kafka/audience-annotations-0.5.0.jar:/usr/bin/../share/java/kafka/metrics-core-2.2.0.jar:/usr/bin/../share/java/kafka/netty-transport-4.1.68.Final.jar:/usr/bin/../share/java/kafka/jaxb-api-2.3.0.jar:/usr/bin/../share/java/kafka/zookeeper-jute-3.6.3.jar:/usr/bin/../share/java/kafka/jetty-http-9.4.43.v20210629.jar:/usr/bin/../share/java/kafka/jersey-client-2.34.jar:/usr/bin/../share/java/kafka/zstd-jni-1.5.0-2.jar:/usr/bin/../share/java/kafka/kafka-tools-7.0.1-ccs.jar:/usr/bin/../share/java/kafka/maven-artifact-3.8.1.jar:/usr/bin/../share/java/kafka/connect-json-7.0.1-ccs.jar:/usr/bin/../share/java/kafka/reflections-0.9.12.jar:/usr/bin/../share/java/kafka/jackson-module-jaxb-annotations-2.12.3.jar:/usr/bin/../share/java/kafka/rocksdbjni-6.19.3.jar:/usr/bin/../share/java/kafka/connect-basic-auth-extension-7.0.1-ccs.jar:/usr/bin/../share/java/kafka/jakarta.ws.rs-api-2.1.6.jar:/usr/bin/../share/java/kafka/jetty-security-9.4.43.v20210629.jar:/usr/bin/../share/java/kafka/scala-library-2.13.6.jar:/usr/bin/../share/java/kafka/netty-transport-native-epoll-4.1.68.Final.jar:/usr/bin/../share/java/kafka/netty-transport-native-unix-common-4.1.68.Final.jar:/usr/bin/../share/java/kafka/connect-runtime-7.0.1-ccs.jar:/usr/bin/../share/java/kafka/scala-java8-compat_2.13-1.0.0.jar:/usr/bin/../share/java/kafka/kafka_2.13-7.0.1-ccs.jar:/usr/bin/../share/java/kafka/confluent-log4j-1.2.17-cp2.jar:/usr/bin/../share/java/kafka/netty-common-4.1.68.Final.jar:/usr/bin/../share/java/kafka/connect-api-7.0.1-ccs.jar:/usr/bin/../share/java/kafka/kafka-log4j-appender-7.0.1-ccs.jar:/usr/bin/../share/java/kafka/javassist-3.27.0-GA.jar:/usr/bin/../share/java/kafka/osgi-resource-locator-1.0.3.jar:/usr/bin/../share/java/kafka/hk2-utils-2.6.1.jar:/usr/bin/../share/java/kafka/slf4j-api-1.7.30.jar:/usr/bin/../share/java/kafka/jackson-jaxrs-json-provider-2.12.3.jar:/usr/bin/../share/java/kafka/kafka-clients-7.0.1-ccs.jar:/usr/bin/../share/java/kafka/jetty-util-ajax-9.4.43.v20210629.jar:/usr/bin/../share/java/kafka/plexus-utils-3.2.1.jar:/usr/bin/../share/java/kafka/netty-resolver-4.1.68.Final.jar:/usr/bin/../share/java/kafka/jackson-databind-2.12.3.jar:/usr/bin/../share/java/kafka/jetty-client-9.4.43.v20210629.jar:/usr/bin/../share/java/kafka/jakarta.xml.bind-api-2.3.2.jar:/usr/bin/../share/java/kafka/jackson-annotations-2.12.3.jar:/usr/bin/../share/java/kafka/connect-transforms-7.0.1-ccs.jar:/usr/bin/../share/java/kafka/netty-buffer-4.1.68.Final.jar:/usr/bin/../share/java/kafka/scala-reflect-2.13.6.jar:/usr/bin/../share/java/kafka/jopt-simple-5.0.4.jar:/usr/bin/../share/java/kafka/kafka.jar:/usr/bin/../share/java/kafka/javax.ws.rs-api-2.1.1.jar:/usr/bin/../share/java/kafka/hk2-locator-2.6.1.jar:/usr/bin/../share/java/kafka/paranamer-2.8.jar:/usr/bin/../share/java/kafka/activation-1.1.1.jar:/usr/bin/../share/java/kafka/jakarta.annotation-api-1.3.5.jar:/usr/bin/../share/java/kafka/scala-collection-compat_2.13-2.4.4.jar:/usr/bin/../share/java/kafka/connect-mirror-client-7.0.1-ccs.jar:/usr/bin/../share/java/kafka/kafka-streams-examples-7.0.1-ccs.jar:/usr/bin/../share/java/kafka/jakarta.inject-2.6.1.jar:/usr/bin/../share/java/kafka/jetty-continuation-9.4.43.v20210629.jar:/usr/bin/../share/java/kafka/jetty-util-9.4.43.v20210629.jar:/usr/bin/../share/java/kafka/commons-lang3-3.8.1.jar:/usr/bin/../share/java/kafka/jetty-servlet-9.4.43.v20210629.jar:/usr/bin/../share/java/kafka/kafka-streams-scala_2.13-7.0.1-ccs.jar:/usr/bin/../share/java/kafka/jackson-datatype-jdk8-2.12.3.jar:/usr/bin/../share/java/kafka/jakarta.activation-api-1.2.1.jar:/usr/bin/../share/java/confluent-telemetry/* (org.apache.zookeeper.server.ZooKeeperServer)
[2022-03-05 01:25:46,933] INFO Server environment:java.library.path=/usr/java/packages/lib:/usr/lib64:/lib64:/lib:/usr/lib (org.apache.zookeeper.server.ZooKeeperServer)
[2022-03-05 01:25:46,933] INFO Server environment:java.io.tmpdir=/tmp (org.apache.zookeeper.server.ZooKeeperServer)
[2022-03-05 01:25:46,933] INFO Server environment:java.compiler=<NA> (org.apache.zookeeper.server.ZooKeeperServer)
[2022-03-05 01:25:46,933] INFO Server environment:os.name=Linux (org.apache.zookeeper.server.ZooKeeperServer)
[2022-03-05 01:25:46,933] INFO Server environment:os.arch=amd64 (org.apache.zookeeper.server.ZooKeeperServer)
[2022-03-05 01:25:46,933] INFO Server environment:os.version=5.13.0-30-generic (org.apache.zookeeper.server.ZooKeeperServer)
[2022-03-05 01:25:46,933] INFO Server environment:user.name=appuser (org.apache.zookeeper.server.ZooKeeperServer)
[2022-03-05 01:25:46,933] INFO Server environment:user.home=/home/appuser (org.apache.zookeeper.server.ZooKeeperServer)
[2022-03-05 01:25:46,933] INFO Server environment:user.dir=/home/appuser (org.apache.zookeeper.server.ZooKeeperServer)
[2022-03-05 01:25:46,933] INFO Server environment:os.memory.free=494MB (org.apache.zookeeper.server.ZooKeeperServer)
[2022-03-05 01:25:46,933] INFO Server environment:os.memory.max=512MB (org.apache.zookeeper.server.ZooKeeperServer)
[2022-03-05 01:25:46,933] INFO Server environment:os.memory.total=512MB (org.apache.zookeeper.server.ZooKeeperServer)
[2022-03-05 01:25:46,934] INFO zookeeper.enableEagerACLCheck = false (org.apache.zookeeper.server.ZooKeeperServer)
[2022-03-05 01:25:46,934] INFO zookeeper.digest.enabled = true (org.apache.zookeeper.server.ZooKeeperServer)
[2022-03-05 01:25:46,934] INFO zookeeper.closeSessionTxn.enabled = true (org.apache.zookeeper.server.ZooKeeperServer)
[2022-03-05 01:25:46,934] INFO zookeeper.flushDelay=0 (org.apache.zookeeper.server.ZooKeeperServer)
[2022-03-05 01:25:46,934] INFO zookeeper.maxWriteQueuePollTime=0 (org.apache.zookeeper.server.ZooKeeperServer)
[2022-03-05 01:25:46,934] INFO zookeeper.maxBatchSize=1000 (org.apache.zookeeper.server.ZooKeeperServer)
[2022-03-05 01:25:46,934] INFO zookeeper.intBufferStartingSizeBytes = 1024 (org.apache.zookeeper.server.ZooKeeperServer)
[2022-03-05 01:25:46,935] INFO Weighed connection throttling is disabled (org.apache.zookeeper.server.BlueThrottle)
[2022-03-05 01:25:46,940] INFO minSessionTimeout set to 4000 (org.apache.zookeeper.server.ZooKeeperServer)
[2022-03-05 01:25:46,940] INFO maxSessionTimeout set to 40000 (org.apache.zookeeper.server.ZooKeeperServer)
[2022-03-05 01:25:46,946] INFO Response cache size is initialized with value 400. (org.apache.zookeeper.server.ResponseCache)
[2022-03-05 01:25:46,950] INFO Response cache size is initialized with value 400. (org.apache.zookeeper.server.ResponseCache)
[2022-03-05 01:25:46,953] INFO zookeeper.pathStats.slotCapacity = 60 (org.apache.zookeeper.server.util.RequestPathMetricsCollector)
[2022-03-05 01:25:46,961] INFO zookeeper.pathStats.slotDuration = 15 (org.apache.zookeeper.server.util.RequestPathMetricsCollector)
[2022-03-05 01:25:46,963] INFO zookeeper.pathStats.maxDepth = 6 (org.apache.zookeeper.server.util.RequestPathMetricsCollector)
[2022-03-05 01:25:46,963] INFO zookeeper.pathStats.initialDelay = 5 (org.apache.zookeeper.server.util.RequestPathMetricsCollector)
[2022-03-05 01:25:46,964] INFO zookeeper.pathStats.delay = 5 (org.apache.zookeeper.server.util.RequestPathMetricsCollector)
[2022-03-05 01:25:46,965] INFO zookeeper.pathStats.enabled = false (org.apache.zookeeper.server.util.RequestPathMetricsCollector)
[2022-03-05 01:25:46,987] INFO The max bytes for all large requests are set to 104857600 (org.apache.zookeeper.server.ZooKeeperServer)
[2022-03-05 01:25:46,988] INFO The large request threshold is set to -1 (org.apache.zookeeper.server.ZooKeeperServer)
[2022-03-05 01:25:46,988] INFO Created server with tickTime 2000 minSessionTimeout 4000 maxSessionTimeout 40000 clientPortListenBacklog -1 datadir /var/lib/zookeeper/log/version-2 snapdir /var/lib/zookeeper/data/version-2 (org.apache.zookeeper.server.ZooKeeperServer)
[2022-03-05 01:25:47,133] INFO Logging initialized @3474ms to org.eclipse.jetty.util.log.Slf4jLog (org.eclipse.jetty.util.log)
[2022-03-05 01:25:47,596] WARN o.e.j.s.ServletContextHandler@49c90a9c{/,null,STOPPED} contextPath ends with /* (org.eclipse.jetty.server.handler.ContextHandler)
[2022-03-05 01:25:47,599] WARN Empty contextPath (org.eclipse.jetty.server.handler.ContextHandler)
[2022-03-05 01:25:47,909] INFO jetty-9.4.43.v20210629; built: 2021-06-30T11:07:22.254Z; git: 526006ecfa3af7f1a27ef3a288e2bef7ea9dd7e8; jvm 11.0.13+8-LTS (org.eclipse.jetty.server.Server)
[2022-03-05 01:25:48,243] INFO DefaultSessionIdManager workerName=node0 (org.eclipse.jetty.server.session)
[2022-03-05 01:25:48,245] INFO No SessionScavenger set, using defaults (org.eclipse.jetty.server.session)
[2022-03-05 01:25:48,299] INFO node0 Scavenging every 600000ms (org.eclipse.jetty.server.session)
[2022-03-05 01:25:48,333] WARN ServletContext@o.e.j.s.ServletContextHandler@49c90a9c{/,null,STARTING} has uncovered http methods for path: /* (org.eclipse.jetty.security.SecurityHandler)
[2022-03-05 01:25:48,410] INFO Started o.e.j.s.ServletContextHandler@49c90a9c{/,null,AVAILABLE} (org.eclipse.jetty.server.handler.ContextHandler)
[2022-03-05 01:25:48,563] INFO Started ServerConnector@66982506{HTTP/1.1, (http/1.1)}{0.0.0.0:8080} (org.eclipse.jetty.server.AbstractConnector)
[2022-03-05 01:25:48,563] INFO Started @4905ms (org.eclipse.jetty.server.Server)
[2022-03-05 01:25:48,563] INFO Started AdminServer on address 0.0.0.0, port 8080 and command URL /commands (org.apache.zookeeper.server.admin.JettyAdminServer)
[2022-03-05 01:25:48,594] INFO Using org.apache.zookeeper.server.NIOServerCnxnFactory as server connection factory (org.apache.zookeeper.server.ServerCnxnFactory)
[2022-03-05 01:25:48,595] WARN maxCnxns is not configured, using default value 0. (org.apache.zookeeper.server.ServerCnxnFactory)
[2022-03-05 01:25:48,609] INFO Configuring NIO connection handler with 10s sessionless connection timeout, 1 selector thread(s), 8 worker threads, and 64 kB direct buffers. (org.apache.zookeeper.server.NIOServerCnxnFactory)
[2022-03-05 01:25:48,637] INFO binding to port 0.0.0.0/0.0.0.0:2183 (org.apache.zookeeper.server.NIOServerCnxnFactory)
[2022-03-05 01:25:48,744] INFO Using org.apache.zookeeper.server.watch.WatchManager as watch manager (org.apache.zookeeper.server.watch.WatchManagerFactory)
[2022-03-05 01:25:48,753] INFO Using org.apache.zookeeper.server.watch.WatchManager as watch manager (org.apache.zookeeper.server.watch.WatchManagerFactory)
[2022-03-05 01:25:48,766] INFO zookeeper.snapshotSizeFactor = 0.33 (org.apache.zookeeper.server.ZKDatabase)
[2022-03-05 01:25:48,767] INFO zookeeper.commitLogCount=500 (org.apache.zookeeper.server.ZKDatabase)
[2022-03-05 01:25:48,781] INFO zookeeper.snapshot.compression.method = CHECKED (org.apache.zookeeper.server.persistence.SnapStream)
[2022-03-05 01:25:48,783] INFO Reading snapshot /var/lib/zookeeper/data/version-2/snapshot.154 (org.apache.zookeeper.server.persistence.FileSnap)
[2022-03-05 01:25:48,807] INFO The digest in the snapshot has digest version of 2, , with zxid as 0x154, and digest value as 528670410689 (org.apache.zookeeper.server.DataTree)
[2022-03-05 01:25:48,863] INFO 20 txns loaded in 30 ms (org.apache.zookeeper.server.persistence.FileTxnSnapLog)
[2022-03-05 01:25:48,863] INFO Snapshot loaded in 94 ms, highest zxid is 0x168, digest is 532830006992 (org.apache.zookeeper.server.ZKDatabase)
[2022-03-05 01:25:48,863] INFO Snapshotting: 0x168 to /var/lib/zookeeper/data/version-2/snapshot.168 (org.apache.zookeeper.server.persistence.FileTxnSnapLog)
[2022-03-05 01:25:48,903] INFO Snapshot taken in 39 ms (org.apache.zookeeper.server.ZooKeeperServer)
[2022-03-05 01:25:48,935] INFO zookeeper.request_throttler.shutdownTimeout = 10000 (org.apache.zookeeper.server.RequestThrottler)
[2022-03-05 01:25:48,934] INFO PrepRequestProcessor (sid:0) started, reconfigEnabled=false (org.apache.zookeeper.server.PrepRequestProcessor)
[2022-03-05 01:25:49,045] INFO Using checkIntervalMs=60000 maxPerMinute=10000 maxNeverUsedIntervalMs=0 (org.apache.zookeeper.server.ContainerManager)
[2022-03-05 01:25:49,054] INFO ZooKeeper audit is disabled. (org.apache.zookeeper.audit.ZKAuditProvider)
[2022-03-05 01:25:49,277] INFO Creating new log file: log.169 (org.apache.zookeeper.server.persistence.FileTxnLog)
[2022-03-05 01:25:57,313] WARN fsync-ing the write ahead log in SyncThread:0 took 1355ms which will adversely effect operation latency.File size is 67108880 bytes. See the ZooKeeper troubleshooting guide (org.apache.zookeeper.server.persistence.FileTxnLog)
[2022-03-05 01:26:08,843] INFO Expiring session 0x10001995fae0001, timeout of 18000ms exceeded (org.apache.zookeeper.server.ZooKeeperServer)
[2022-03-05 01:26:10,080] WARN fsync-ing the write ahead log in SyncThread:0 took 1233ms which will adversely effect operation latency.File size is 67108880 bytes. See the ZooKeeper troubleshooting guide (org.apache.zookeeper.server.persistence.FileTxnLog)
[2022-03-05 01:25:48,934] INFO PrepRequestProcessor (sid:0) started, reconfigEnabled=false (org.apache.zookeeper.server.PrepRequestProcessor)
[2022-03-05 01:25:49,045] INFO Using checkIntervalMs=60000 maxPerMinute=10000 maxNeverUsedIntervalMs=0 (org.apache.zookeeper.server.ContainerManager)
[2022-03-05 01:25:49,054] INFO ZooKeeper audit is disabled. (org.apache.zookeeper.audit.ZKAuditProvider)
[2022-03-05 01:25:49,277] INFO Creating new log file: log.169 (org.apache.zookeeper.server.persistence.FileTxnLog)
[2022-03-05 01:25:57,313] WARN fsync-ing the write ahead log in SyncThread:0 took 1355ms which will adversely effect operation latency.File size is 67108880 bytes. See the ZooKeeper troubleshooting guide (org.apache.zookeeper.server.persistence.FileTxnLog)
[2022-03-05 01:26:08,843] INFO Expiring session 0x10001995fae0001, timeout of 18000ms exceeded (org.apache.zookeeper.server.ZooKeeperServer)
[2022-03-05 01:26:10,080] WARN fsync-ing the write ahead log in SyncThread:0 took 1233ms which will adversely effect operation latency.File size is 67108880 bytes. See the ZooKeeper troubleshooting guide (org.apache.zookeeper.server.persistence.FileTxnLog)
===> User
uid=1000(appuser) gid=1000(appuser) groups=1000(appuser)
===> Configuring ...
===> Running preflight checks ... 
===> Check if /var/lib/zookeeper/data is writable ...
===> Check if /var/lib/zookeeper/log is writable ...
===> Launching ... 
===> Printing /var/lib/zookeeper/data/myid 
1===> Launching zookeeper ... 
[2022-03-05 01:29:06,512] INFO Reading configuration from: /etc/kafka/zookeeper.properties (org.apache.zookeeper.server.quorum.QuorumPeerConfig)
[2022-03-05 01:29:06,577] INFO clientPortAddress is 0.0.0.0:2183 (org.apache.zookeeper.server.quorum.QuorumPeerConfig)
[2022-03-05 01:29:06,577] INFO secureClientPort is not set (org.apache.zookeeper.server.quorum.QuorumPeerConfig)
[2022-03-05 01:29:06,577] INFO observerMasterPort is not set (org.apache.zookeeper.server.quorum.QuorumPeerConfig)
[2022-03-05 01:29:06,578] INFO metricsProvider.className is org.apache.zookeeper.metrics.impl.DefaultMetricsProvider (org.apache.zookeeper.server.quorum.QuorumPeerConfig)
[2022-03-05 01:29:06,614] ERROR Invalid configuration, only one server specified (ignoring) (org.apache.zookeeper.server.quorum.QuorumPeerConfig)
[2022-03-05 01:29:06,635] INFO autopurge.snapRetainCount set to 3 (org.apache.zookeeper.server.DatadirCleanupManager)
[2022-03-05 01:29:06,635] INFO autopurge.purgeInterval set to 0 (org.apache.zookeeper.server.DatadirCleanupManager)
[2022-03-05 01:29:06,635] INFO Purge task is not scheduled. (org.apache.zookeeper.server.DatadirCleanupManager)
[2022-03-05 01:29:06,635] WARN Either no config or no quorum defined in config, running in standalone mode (org.apache.zookeeper.server.quorum.QuorumPeerMain)
[2022-03-05 01:29:06,651] INFO Log4j 1.2 jmx support found and enabled. (org.apache.zookeeper.jmx.ManagedUtil)
[2022-03-05 01:29:06,701] INFO Reading configuration from: /etc/kafka/zookeeper.properties (org.apache.zookeeper.server.quorum.QuorumPeerConfig)
[2022-03-05 01:29:06,703] INFO clientPortAddress is 0.0.0.0:2183 (org.apache.zookeeper.server.quorum.QuorumPeerConfig)
[2022-03-05 01:29:06,703] INFO secureClientPort is not set (org.apache.zookeeper.server.quorum.QuorumPeerConfig)
[2022-03-05 01:29:06,704] INFO observerMasterPort is not set (org.apache.zookeeper.server.quorum.QuorumPeerConfig)
[2022-03-05 01:29:06,704] INFO metricsProvider.className is org.apache.zookeeper.metrics.impl.DefaultMetricsProvider (org.apache.zookeeper.server.quorum.QuorumPeerConfig)
[2022-03-05 01:29:06,704] ERROR Invalid configuration, only one server specified (ignoring) (org.apache.zookeeper.server.quorum.QuorumPeerConfig)
[2022-03-05 01:29:06,705] INFO Starting server (org.apache.zookeeper.server.ZooKeeperServerMain)
[2022-03-05 01:29:06,775] INFO ServerMetrics initialized with provider org.apache.zookeeper.metrics.impl.DefaultMetricsProvider@59af0466 (org.apache.zookeeper.server.ServerMetrics)
[2022-03-05 01:29:06,780] INFO zookeeper.snapshot.trust.empty : false (org.apache.zookeeper.server.persistence.FileTxnSnapLog)
[2022-03-05 01:29:06,831] INFO  (org.apache.zookeeper.server.ZooKeeperServer)
[2022-03-05 01:29:06,831] INFO   ______                  _                                           (org.apache.zookeeper.server.ZooKeeperServer)
[2022-03-05 01:29:06,831] INFO  |___  /                 | |                                          (org.apache.zookeeper.server.ZooKeeperServer)
[2022-03-05 01:29:06,831] INFO     / /    ___     ___   | | __   ___    ___   _ __     ___   _ __    (org.apache.zookeeper.server.ZooKeeperServer)
[2022-03-05 01:29:06,832] INFO    / /    / _ \   / _ \  | |/ /  / _ \  / _ \ | '_ \   / _ \ | '__| (org.apache.zookeeper.server.ZooKeeperServer)
[2022-03-05 01:29:06,832] INFO   / /__  | (_) | | (_) | |   <  |  __/ |  __/ | |_) | |  __/ | |     (org.apache.zookeeper.server.ZooKeeperServer)
[2022-03-05 01:29:06,832] INFO  /_____|  \___/   \___/  |_|\_\  \___|  \___| | .__/   \___| |_| (org.apache.zookeeper.server.ZooKeeperServer)
[2022-03-05 01:29:06,832] INFO                                               | |                      (org.apache.zookeeper.server.ZooKeeperServer)
[2022-03-05 01:29:06,832] INFO                                               |_|                      (org.apache.zookeeper.server.ZooKeeperServer)
[2022-03-05 01:29:06,833] INFO  (org.apache.zookeeper.server.ZooKeeperServer)
[2022-03-05 01:29:06,834] INFO Server environment:zookeeper.version=3.6.3--6401e4ad2087061bc6b9f80dec2d69f2e3c8660a, built on 04/08/2021 16:35 GMT (org.apache.zookeeper.server.ZooKeeperServer)
[2022-03-05 01:29:06,835] INFO Server environment:host.name=670f872ae6fc (org.apache.zookeeper.server.ZooKeeperServer)
[2022-03-05 01:29:06,835] INFO Server environment:java.version=11.0.13 (org.apache.zookeeper.server.ZooKeeperServer)
[2022-03-05 01:29:06,836] INFO Server environment:java.vendor=Azul Systems, Inc. (org.apache.zookeeper.server.ZooKeeperServer)
[2022-03-05 01:29:06,836] INFO Server environment:java.home=/usr/lib/jvm/zulu11-ca (org.apache.zookeeper.server.ZooKeeperServer)
[2022-03-05 01:29:06,836] INFO Server environment:java.class.path=/usr/bin/../share/java/kafka/metrics-core-4.1.12.1.jar:/usr/bin/../share/java/kafka/netty-codec-4.1.68.Final.jar:/usr/bin/../share/java/kafka/kafka-storage-7.0.1-ccs.jar:/usr/bin/../share/java/kafka/kafka-streams-test-utils-7.0.1-ccs.jar:/usr/bin/../share/java/kafka/kafka-raft-7.0.1-ccs.jar:/usr/bin/../share/java/kafka/trogdor-7.0.1-ccs.jar:/usr/bin/../share/java/kafka/kafka-shell-7.0.1-ccs.jar:/usr/bin/../share/java/kafka/jetty-io-9.4.43.v20210629.jar:/usr/bin/../share/java/kafka/zookeeper-3.6.3.jar:/usr/bin/../share/java/kafka/jackson-core-2.12.3.jar:/usr/bin/../share/java/kafka/scala-logging_2.13-3.9.3.jar:/usr/bin/../share/java/kafka/jackson-jaxrs-base-2.12.3.jar:/usr/bin/../share/java/kafka/jetty-server-9.4.43.v20210629.jar:/usr/bin/../share/java/kafka/commons-cli-1.4.jar:/usr/bin/../share/java/kafka/jline-3.12.1.jar:/usr/bin/../share/java/kafka/slf4j-log4j12-1.7.30.jar:/usr/bin/../share/java/kafka/jackson-dataformat-csv-2.12.3.jar:/usr/bin/../share/java/kafka/jersey-hk2-2.34.jar:/usr/bin/../share/java/kafka/jetty-servlets-9.4.43.v20210629.jar:/usr/bin/../share/java/kafka/jakarta.validation-api-2.0.2.jar:/usr/bin/../share/java/kafka/hk2-api-2.6.1.jar:/usr/bin/../share/java/kafka/jackson-module-scala_2.13-2.12.3.jar:/usr/bin/../share/java/kafka/aopalliance-repackaged-2.6.1.jar:/usr/bin/../share/java/kafka/netty-handler-4.1.68.Final.jar:/usr/bin/../share/java/kafka/kafka-server-common-7.0.1-ccs.jar:/usr/bin/../share/java/kafka/javax.servlet-api-3.1.0.jar:/usr/bin/../share/java/kafka/jersey-container-servlet-core-2.34.jar:/usr/bin/../share/java/kafka/snappy-java-1.1.8.1.jar:/usr/bin/../share/java/kafka/connect-mirror-7.0.1-ccs.jar:/usr/bin/../share/java/kafka/jersey-container-servlet-2.34.jar:/usr/bin/../share/java/kafka/lz4-java-1.7.1.jar:/usr/bin/../share/java/kafka/argparse4j-0.7.0.jar:/usr/bin/../share/java/kafka/kafka-metadata-7.0.1-ccs.jar:/usr/bin/../share/java/kafka/jersey-server-2.34.jar:/usr/bin/../share/java/kafka/kafka-storage-api-7.0.1-ccs.jar:/usr/bin/../share/java/kafka/kafka-streams-7.0.1-ccs.jar:/usr/bin/../share/java/kafka/jersey-common-2.34.jar:/usr/bin/../share/java/kafka/audience-annotations-0.5.0.jar:/usr/bin/../share/java/kafka/metrics-core-2.2.0.jar:/usr/bin/../share/java/kafka/netty-transport-4.1.68.Final.jar:/usr/bin/../share/java/kafka/jaxb-api-2.3.0.jar:/usr/bin/../share/java/kafka/zookeeper-jute-3.6.3.jar:/usr/bin/../share/java/kafka/jetty-http-9.4.43.v20210629.jar:/usr/bin/../share/java/kafka/jersey-client-2.34.jar:/usr/bin/../share/java/kafka/zstd-jni-1.5.0-2.jar:/usr/bin/../share/java/kafka/kafka-tools-7.0.1-ccs.jar:/usr/bin/../share/java/kafka/maven-artifact-3.8.1.jar:/usr/bin/../share/java/kafka/connect-json-7.0.1-ccs.jar:/usr/bin/../share/java/kafka/reflections-0.9.12.jar:/usr/bin/../share/java/kafka/jackson-module-jaxb-annotations-2.12.3.jar:/usr/bin/../share/java/kafka/rocksdbjni-6.19.3.jar:/usr/bin/../share/java/kafka/connect-basic-auth-extension-7.0.1-ccs.jar:/usr/bin/../share/java/kafka/jakarta.ws.rs-api-2.1.6.jar:/usr/bin/../share/java/kafka/jetty-security-9.4.43.v20210629.jar:/usr/bin/../share/java/kafka/scala-library-2.13.6.jar:/usr/bin/../share/java/kafka/netty-transport-native-epoll-4.1.68.Final.jar:/usr/bin/../share/java/kafka/netty-transport-native-unix-common-4.1.68.Final.jar:/usr/bin/../share/java/kafka/connect-runtime-7.0.1-ccs.jar:/usr/bin/../share/java/kafka/scala-java8-compat_2.13-1.0.0.jar:/usr/bin/../share/java/kafka/kafka_2.13-7.0.1-ccs.jar:/usr/bin/../share/java/kafka/confluent-log4j-1.2.17-cp2.jar:/usr/bin/../share/java/kafka/netty-common-4.1.68.Final.jar:/usr/bin/../share/java/kafka/connect-api-7.0.1-ccs.jar:/usr/bin/../share/java/kafka/kafka-log4j-appender-7.0.1-ccs.jar:/usr/bin/../share/java/kafka/javassist-3.27.0-GA.jar:/usr/bin/../share/java/kafka/osgi-resource-locator-1.0.3.jar:/usr/bin/../share/java/kafka/hk2-utils-2.6.1.jar:/usr/bin/../share/java/kafka/slf4j-api-1.7.30.jar:/usr/bin/../share/java/kafka/jackson-jaxrs-json-provider-2.12.3.jar:/usr/bin/../share/java/kafka/kafka-clients-7.0.1-ccs.jar:/usr/bin/../share/java/kafka/jetty-util-ajax-9.4.43.v20210629.jar:/usr/bin/../share/java/kafka/plexus-utils-3.2.1.jar:/usr/bin/../share/java/kafka/netty-resolver-4.1.68.Final.jar:/usr/bin/../share/java/kafka/jackson-databind-2.12.3.jar:/usr/bin/../share/java/kafka/jetty-client-9.4.43.v20210629.jar:/usr/bin/../share/java/kafka/jakarta.xml.bind-api-2.3.2.jar:/usr/bin/../share/java/kafka/jackson-annotations-2.12.3.jar:/usr/bin/../share/java/kafka/connect-transforms-7.0.1-ccs.jar:/usr/bin/../share/java/kafka/netty-buffer-4.1.68.Final.jar:/usr/bin/../share/java/kafka/scala-reflect-2.13.6.jar:/usr/bin/../share/java/kafka/jopt-simple-5.0.4.jar:/usr/bin/../share/java/kafka/kafka.jar:/usr/bin/../share/java/kafka/javax.ws.rs-api-2.1.1.jar:/usr/bin/../share/java/kafka/hk2-locator-2.6.1.jar:/usr/bin/../share/java/kafka/paranamer-2.8.jar:/usr/bin/../share/java/kafka/activation-1.1.1.jar:/usr/bin/../share/java/kafka/jakarta.annotation-api-1.3.5.jar:/usr/bin/../share/java/kafka/scala-collection-compat_2.13-2.4.4.jar:/usr/bin/../share/java/kafka/connect-mirror-client-7.0.1-ccs.jar:/usr/bin/../share/java/kafka/kafka-streams-examples-7.0.1-ccs.jar:/usr/bin/../share/java/kafka/jakarta.inject-2.6.1.jar:/usr/bin/../share/java/kafka/jetty-continuation-9.4.43.v20210629.jar:/usr/bin/../share/java/kafka/jetty-util-9.4.43.v20210629.jar:/usr/bin/../share/java/kafka/commons-lang3-3.8.1.jar:/usr/bin/../share/java/kafka/jetty-servlet-9.4.43.v20210629.jar:/usr/bin/../share/java/kafka/kafka-streams-scala_2.13-7.0.1-ccs.jar:/usr/bin/../share/java/kafka/jackson-datatype-jdk8-2.12.3.jar:/usr/bin/../share/java/kafka/jakarta.activation-api-1.2.1.jar:/usr/bin/../share/java/confluent-telemetry/* (org.apache.zookeeper.server.ZooKeeperServer)
[2022-03-05 01:29:06,837] INFO Server environment:java.library.path=/usr/java/packages/lib:/usr/lib64:/lib64:/lib:/usr/lib (org.apache.zookeeper.server.ZooKeeperServer)
[2022-03-05 01:29:06,838] INFO Server environment:java.io.tmpdir=/tmp (org.apache.zookeeper.server.ZooKeeperServer)
[2022-03-05 01:29:06,839] INFO Server environment:java.compiler=<NA> (org.apache.zookeeper.server.ZooKeeperServer)
[2022-03-05 01:29:06,839] INFO Server environment:os.name=Linux (org.apache.zookeeper.server.ZooKeeperServer)
[2022-03-05 01:29:06,840] INFO Server environment:os.arch=amd64 (org.apache.zookeeper.server.ZooKeeperServer)
[2022-03-05 01:29:06,840] INFO Server environment:os.version=5.13.0-30-generic (org.apache.zookeeper.server.ZooKeeperServer)
[2022-03-05 01:29:06,840] INFO Server environment:user.name=appuser (org.apache.zookeeper.server.ZooKeeperServer)
[2022-03-05 01:29:06,841] INFO Server environment:user.home=/home/appuser (org.apache.zookeeper.server.ZooKeeperServer)
[2022-03-05 01:29:06,841] INFO Server environment:user.dir=/home/appuser (org.apache.zookeeper.server.ZooKeeperServer)
[2022-03-05 01:29:06,841] INFO Server environment:os.memory.free=493MB (org.apache.zookeeper.server.ZooKeeperServer)
[2022-03-05 01:29:06,842] INFO Server environment:os.memory.max=512MB (org.apache.zookeeper.server.ZooKeeperServer)
[2022-03-05 01:29:06,842] INFO Server environment:os.memory.total=512MB (org.apache.zookeeper.server.ZooKeeperServer)
[2022-03-05 01:29:06,842] INFO zookeeper.enableEagerACLCheck = false (org.apache.zookeeper.server.ZooKeeperServer)
[2022-03-05 01:29:06,842] INFO zookeeper.digest.enabled = true (org.apache.zookeeper.server.ZooKeeperServer)
[2022-03-05 01:29:06,843] INFO zookeeper.closeSessionTxn.enabled = true (org.apache.zookeeper.server.ZooKeeperServer)
[2022-03-05 01:29:06,843] INFO zookeeper.flushDelay=0 (org.apache.zookeeper.server.ZooKeeperServer)
[2022-03-05 01:29:06,844] INFO zookeeper.maxWriteQueuePollTime=0 (org.apache.zookeeper.server.ZooKeeperServer)
[2022-03-05 01:29:06,844] INFO zookeeper.maxBatchSize=1000 (org.apache.zookeeper.server.ZooKeeperServer)
[2022-03-05 01:29:06,844] INFO zookeeper.intBufferStartingSizeBytes = 1024 (org.apache.zookeeper.server.ZooKeeperServer)
[2022-03-05 01:29:06,846] INFO Weighed connection throttling is disabled (org.apache.zookeeper.server.BlueThrottle)
[2022-03-05 01:29:06,848] INFO minSessionTimeout set to 4000 (org.apache.zookeeper.server.ZooKeeperServer)
[2022-03-05 01:29:06,848] INFO maxSessionTimeout set to 40000 (org.apache.zookeeper.server.ZooKeeperServer)
[2022-03-05 01:29:06,857] INFO Response cache size is initialized with value 400. (org.apache.zookeeper.server.ResponseCache)
[2022-03-05 01:29:06,858] INFO Response cache size is initialized with value 400. (org.apache.zookeeper.server.ResponseCache)
[2022-03-05 01:29:06,860] INFO zookeeper.pathStats.slotCapacity = 60 (org.apache.zookeeper.server.util.RequestPathMetricsCollector)
[2022-03-05 01:29:06,861] INFO zookeeper.pathStats.slotDuration = 15 (org.apache.zookeeper.server.util.RequestPathMetricsCollector)
[2022-03-05 01:29:06,866] INFO zookeeper.pathStats.maxDepth = 6 (org.apache.zookeeper.server.util.RequestPathMetricsCollector)
[2022-03-05 01:29:06,867] INFO zookeeper.pathStats.initialDelay = 5 (org.apache.zookeeper.server.util.RequestPathMetricsCollector)
[2022-03-05 01:29:06,869] INFO zookeeper.pathStats.delay = 5 (org.apache.zookeeper.server.util.RequestPathMetricsCollector)
[2022-03-05 01:29:06,869] INFO zookeeper.pathStats.enabled = false (org.apache.zookeeper.server.util.RequestPathMetricsCollector)
[2022-03-05 01:29:06,875] INFO The max bytes for all large requests are set to 104857600 (org.apache.zookeeper.server.ZooKeeperServer)
[2022-03-05 01:29:06,877] INFO The large request threshold is set to -1 (org.apache.zookeeper.server.ZooKeeperServer)
[2022-03-05 01:29:06,880] INFO Created server with tickTime 2000 minSessionTimeout 4000 maxSessionTimeout 40000 clientPortListenBacklog -1 datadir /var/lib/zookeeper/log/version-2 snapdir /var/lib/zookeeper/data/version-2 (org.apache.zookeeper.server.ZooKeeperServer)
[2022-03-05 01:29:07,041] INFO Logging initialized @2585ms to org.eclipse.jetty.util.log.Slf4jLog (org.eclipse.jetty.util.log)
[2022-03-05 01:29:07,689] WARN o.e.j.s.ServletContextHandler@49c90a9c{/,null,STOPPED} contextPath ends with /* (org.eclipse.jetty.server.handler.ContextHandler)
[2022-03-05 01:29:07,689] WARN Empty contextPath (org.eclipse.jetty.server.handler.ContextHandler)
[2022-03-05 01:29:07,881] INFO jetty-9.4.43.v20210629; built: 2021-06-30T11:07:22.254Z; git: 526006ecfa3af7f1a27ef3a288e2bef7ea9dd7e8; jvm 11.0.13+8-LTS (org.eclipse.jetty.server.Server)
[2022-03-05 01:29:08,019] INFO DefaultSessionIdManager workerName=node0 (org.eclipse.jetty.server.session)
[2022-03-05 01:29:08,020] INFO No SessionScavenger set, using defaults (org.eclipse.jetty.server.session)
[2022-03-05 01:29:08,023] INFO node0 Scavenging every 660000ms (org.eclipse.jetty.server.session)
[2022-03-05 01:29:08,043] WARN ServletContext@o.e.j.s.ServletContextHandler@49c90a9c{/,null,STARTING} has uncovered http methods for path: /* (org.eclipse.jetty.security.SecurityHandler)
[2022-03-05 01:29:08,097] INFO Started o.e.j.s.ServletContextHandler@49c90a9c{/,null,AVAILABLE} (org.eclipse.jetty.server.handler.ContextHandler)
[2022-03-05 01:29:08,146] INFO Started ServerConnector@66982506{HTTP/1.1, (http/1.1)}{0.0.0.0:8080} (org.eclipse.jetty.server.AbstractConnector)
[2022-03-05 01:29:08,161] INFO Started @3705ms (org.eclipse.jetty.server.Server)
[2022-03-05 01:29:08,162] INFO Started AdminServer on address 0.0.0.0, port 8080 and command URL /commands (org.apache.zookeeper.server.admin.JettyAdminServer)
[2022-03-05 01:29:08,193] INFO Using org.apache.zookeeper.server.NIOServerCnxnFactory as server connection factory (org.apache.zookeeper.server.ServerCnxnFactory)
[2022-03-05 01:29:08,195] WARN maxCnxns is not configured, using default value 0. (org.apache.zookeeper.server.ServerCnxnFactory)
[2022-03-05 01:29:08,198] INFO Configuring NIO connection handler with 10s sessionless connection timeout, 1 selector thread(s), 8 worker threads, and 64 kB direct buffers. (org.apache.zookeeper.server.NIOServerCnxnFactory)
[2022-03-05 01:29:08,211] INFO binding to port 0.0.0.0/0.0.0.0:2183 (org.apache.zookeeper.server.NIOServerCnxnFactory)
[2022-03-05 01:29:08,332] INFO Using org.apache.zookeeper.server.watch.WatchManager as watch manager (org.apache.zookeeper.server.watch.WatchManagerFactory)
[2022-03-05 01:29:08,353] INFO Using org.apache.zookeeper.server.watch.WatchManager as watch manager (org.apache.zookeeper.server.watch.WatchManagerFactory)
[2022-03-05 01:29:08,358] INFO zookeeper.snapshotSizeFactor = 0.33 (org.apache.zookeeper.server.ZKDatabase)
[2022-03-05 01:29:08,358] INFO zookeeper.commitLogCount=500 (org.apache.zookeeper.server.ZKDatabase)
[2022-03-05 01:29:08,364] INFO zookeeper.snapshot.compression.method = CHECKED (org.apache.zookeeper.server.persistence.SnapStream)
[2022-03-05 01:29:08,378] INFO Reading snapshot /var/lib/zookeeper/data/version-2/snapshot.168 (org.apache.zookeeper.server.persistence.FileSnap)
[2022-03-05 01:29:08,443] INFO The digest in the snapshot has digest version of 2, , with zxid as 0x168, and digest value as 532830006992 (org.apache.zookeeper.server.DataTree)
[2022-03-05 01:29:08,519] INFO ZooKeeper audit is disabled. (org.apache.zookeeper.audit.ZKAuditProvider)
[2022-03-05 01:29:08,544] INFO 22 txns loaded in 61 ms (org.apache.zookeeper.server.persistence.FileTxnSnapLog)
[2022-03-05 01:29:08,549] INFO Snapshot loaded in 191 ms, highest zxid is 0x17e, digest is 524657003761 (org.apache.zookeeper.server.ZKDatabase)
[2022-03-05 01:29:08,550] INFO Snapshotting: 0x17e to /var/lib/zookeeper/data/version-2/snapshot.17e (org.apache.zookeeper.server.persistence.FileTxnSnapLog)
[2022-03-05 01:29:08,599] INFO Snapshot taken in 49 ms (org.apache.zookeeper.server.ZooKeeperServer)
[2022-03-05 01:29:08,631] INFO zookeeper.request_throttler.shutdownTimeout = 10000 (org.apache.zookeeper.server.RequestThrottler)
[2022-03-05 01:29:08,632] INFO PrepRequestProcessor (sid:0) started, reconfigEnabled=false (org.apache.zookeeper.server.PrepRequestProcessor)
[2022-03-05 01:29:08,814] INFO Using checkIntervalMs=60000 maxPerMinute=10000 maxNeverUsedIntervalMs=0 (org.apache.zookeeper.server.ContainerManager)
[2022-03-05 01:29:10,440] INFO Creating new log file: log.17f (org.apache.zookeeper.server.persistence.FileTxnLog)
[2022-03-05 01:29:11,566] WARN fsync-ing the write ahead log in SyncThread:0 took 1123ms which will adversely effect operation latency.File size is 67108880 bytes. See the ZooKeeper troubleshooting guide (org.apache.zookeeper.server.persistence.FileTxnLog)
===> User
uid=1000(appuser) gid=1000(appuser) groups=1000(appuser)
===> Configuring ...
===> User
uid=1000(appuser) gid=1000(appuser) groups=1000(appuser)
===> Configuring ...
===> Running preflight checks ... 
===> Check if /var/lib/zookeeper/data is writable ...
===> Check if /var/lib/zookeeper/log is writable ...
===> Launching ... 
===> Printing /var/lib/zookeeper/data/myid 
1===> Launching zookeeper ... 
[2022-03-04 17:36:13,069] INFO Reading configuration from: /etc/kafka/zookeeper.properties (org.apache.zookeeper.server.quorum.QuorumPeerConfig)
[2022-03-04 17:36:13,079] INFO clientPortAddress is 0.0.0.0:2183 (org.apache.zookeeper.server.quorum.QuorumPeerConfig)
[2022-03-04 17:36:13,080] INFO secureClientPort is not set (org.apache.zookeeper.server.quorum.QuorumPeerConfig)
[2022-03-04 17:36:13,080] INFO observerMasterPort is not set (org.apache.zookeeper.server.quorum.QuorumPeerConfig)
[2022-03-04 17:36:13,080] INFO metricsProvider.className is org.apache.zookeeper.metrics.impl.DefaultMetricsProvider (org.apache.zookeeper.server.quorum.QuorumPeerConfig)
[2022-03-04 17:36:13,120] ERROR Invalid configuration, only one server specified (ignoring) (org.apache.zookeeper.server.quorum.QuorumPeerConfig)
[2022-03-04 17:36:13,125] INFO autopurge.snapRetainCount set to 3 (org.apache.zookeeper.server.DatadirCleanupManager)
[2022-03-04 17:36:13,125] INFO autopurge.purgeInterval set to 0 (org.apache.zookeeper.server.DatadirCleanupManager)
[2022-03-04 17:36:13,125] INFO Purge task is not scheduled. (org.apache.zookeeper.server.DatadirCleanupManager)
[2022-03-04 17:36:13,125] WARN Either no config or no quorum defined in config, running in standalone mode (org.apache.zookeeper.server.quorum.QuorumPeerMain)
[2022-03-04 17:36:13,128] INFO Log4j 1.2 jmx support found and enabled. (org.apache.zookeeper.jmx.ManagedUtil)
[2022-03-04 17:36:13,142] INFO Reading configuration from: /etc/kafka/zookeeper.properties (org.apache.zookeeper.server.quorum.QuorumPeerConfig)
[2022-03-04 17:36:13,142] INFO clientPortAddress is 0.0.0.0:2183 (org.apache.zookeeper.server.quorum.QuorumPeerConfig)
[2022-03-04 17:36:13,142] INFO secureClientPort is not set (org.apache.zookeeper.server.quorum.QuorumPeerConfig)
[2022-03-04 17:36:13,142] INFO observerMasterPort is not set (org.apache.zookeeper.server.quorum.QuorumPeerConfig)
[2022-03-04 17:36:13,143] INFO metricsProvider.className is org.apache.zookeeper.metrics.impl.DefaultMetricsProvider (org.apache.zookeeper.server.quorum.QuorumPeerConfig)
[2022-03-04 17:36:13,143] ERROR Invalid configuration, only one server specified (ignoring) (org.apache.zookeeper.server.quorum.QuorumPeerConfig)
[2022-03-04 17:36:13,143] INFO Starting server (org.apache.zookeeper.server.ZooKeeperServerMain)
[2022-03-04 17:36:13,157] INFO ServerMetrics initialized with provider org.apache.zookeeper.metrics.impl.DefaultMetricsProvider@3e6ef8ad (org.apache.zookeeper.server.ServerMetrics)
[2022-03-04 17:36:13,160] INFO zookeeper.snapshot.trust.empty : false (org.apache.zookeeper.server.persistence.FileTxnSnapLog)
[2022-03-04 17:36:13,170] INFO  (org.apache.zookeeper.server.ZooKeeperServer)
[2022-03-04 17:36:13,170] INFO   ______                  _                                           (org.apache.zookeeper.server.ZooKeeperServer)
[2022-03-04 17:36:13,170] INFO  |___  /                 | |                                          (org.apache.zookeeper.server.ZooKeeperServer)
[2022-03-04 17:36:13,170] INFO     / /    ___     ___   | | __   ___    ___   _ __     ___   _ __    (org.apache.zookeeper.server.ZooKeeperServer)
[2022-03-04 17:36:13,171] INFO    / /    / _ \   / _ \  | |/ /  / _ \  / _ \ | '_ \   / _ \ | '__| (org.apache.zookeeper.server.ZooKeeperServer)
[2022-03-04 17:36:13,171] INFO   / /__  | (_) | | (_) | |   <  |  __/ |  __/ | |_) | |  __/ | |     (org.apache.zookeeper.server.ZooKeeperServer)
[2022-03-04 17:36:13,171] INFO  /_____|  \___/   \___/  |_|\_\  \___|  \___| | .__/   \___| |_| (org.apache.zookeeper.server.ZooKeeperServer)
[2022-03-04 17:36:13,171] INFO                                               | |                      (org.apache.zookeeper.server.ZooKeeperServer)
[2022-03-04 17:36:13,171] INFO                                               |_|                      (org.apache.zookeeper.server.ZooKeeperServer)
[2022-03-04 17:36:13,171] INFO  (org.apache.zookeeper.server.ZooKeeperServer)
[2022-03-04 17:36:13,172] INFO Server environment:zookeeper.version=3.6.3--6401e4ad2087061bc6b9f80dec2d69f2e3c8660a, built on 04/08/2021 16:35 GMT (org.apache.zookeeper.server.ZooKeeperServer)
[2022-03-04 17:36:13,172] INFO Server environment:host.name=617d81a18d94 (org.apache.zookeeper.server.ZooKeeperServer)
[2022-03-04 17:36:13,172] INFO Server environment:java.version=11.0.13 (org.apache.zookeeper.server.ZooKeeperServer)
[2022-03-04 17:36:13,172] INFO Server environment:java.vendor=Azul Systems, Inc. (org.apache.zookeeper.server.ZooKeeperServer)
[2022-03-04 17:36:13,172] INFO Server environment:java.home=/usr/lib/jvm/zulu11-ca (org.apache.zookeeper.server.ZooKeeperServer)
[2022-03-04 17:36:13,172] INFO Server environment:java.class.path=/usr/bin/../share/java/kafka/metrics-core-4.1.12.1.jar:/usr/bin/../share/java/kafka/netty-codec-4.1.68.Final.jar:/usr/bin/../share/java/kafka/kafka-storage-7.0.1-ccs.jar:/usr/bin/../share/java/kafka/kafka-streams-test-utils-7.0.1-ccs.jar:/usr/bin/../share/java/kafka/kafka-raft-7.0.1-ccs.jar:/usr/bin/../share/java/kafka/trogdor-7.0.1-ccs.jar:/usr/bin/../share/java/kafka/kafka-shell-7.0.1-ccs.jar:/usr/bin/../share/java/kafka/jetty-io-9.4.43.v20210629.jar:/usr/bin/../share/java/kafka/zookeeper-3.6.3.jar:/usr/bin/../share/java/kafka/jackson-core-2.12.3.jar:/usr/bin/../share/java/kafka/scala-logging_2.13-3.9.3.jar:/usr/bin/../share/java/kafka/jackson-jaxrs-base-2.12.3.jar:/usr/bin/../share/java/kafka/jetty-server-9.4.43.v20210629.jar:/usr/bin/../share/java/kafka/commons-cli-1.4.jar:/usr/bin/../share/java/kafka/jline-3.12.1.jar:/usr/bin/../share/java/kafka/slf4j-log4j12-1.7.30.jar:/usr/bin/../share/java/kafka/jackson-dataformat-csv-2.12.3.jar:/usr/bin/../share/java/kafka/jersey-hk2-2.34.jar:/usr/bin/../share/java/kafka/jetty-servlets-9.4.43.v20210629.jar:/usr/bin/../share/java/kafka/jakarta.validation-api-2.0.2.jar:/usr/bin/../share/java/kafka/hk2-api-2.6.1.jar:/usr/bin/../share/java/kafka/jackson-module-scala_2.13-2.12.3.jar:/usr/bin/../share/java/kafka/aopalliance-repackaged-2.6.1.jar:/usr/bin/../share/java/kafka/netty-handler-4.1.68.Final.jar:/usr/bin/../share/java/kafka/kafka-server-common-7.0.1-ccs.jar:/usr/bin/../share/java/kafka/javax.servlet-api-3.1.0.jar:/usr/bin/../share/java/kafka/jersey-container-servlet-core-2.34.jar:/usr/bin/../share/java/kafka/snappy-java-1.1.8.1.jar:/usr/bin/../share/java/kafka/connect-mirror-7.0.1-ccs.jar:/usr/bin/../share/java/kafka/jersey-container-servlet-2.34.jar:/usr/bin/../share/java/kafka/lz4-java-1.7.1.jar:/usr/bin/../share/java/kafka/argparse4j-0.7.0.jar:/usr/bin/../share/java/kafka/kafka-metadata-7.0.1-ccs.jar:/usr/bin/../share/java/kafka/jersey-server-2.34.jar:/usr/bin/../share/java/kafka/kafka-storage-api-7.0.1-ccs.jar:/usr/bin/../share/java/kafka/kafka-streams-7.0.1-ccs.jar:/usr/bin/../share/java/kafka/jersey-common-2.34.jar:/usr/bin/../share/java/kafka/audience-annotations-0.5.0.jar:/usr/bin/../share/java/kafka/metrics-core-2.2.0.jar:/usr/bin/../share/java/kafka/netty-transport-4.1.68.Final.jar:/usr/bin/../share/java/kafka/jaxb-api-2.3.0.jar:/usr/bin/../share/java/kafka/zookeeper-jute-3.6.3.jar:/usr/bin/../share/java/kafka/jetty-http-9.4.43.v20210629.jar:/usr/bin/../share/java/kafka/jersey-client-2.34.jar:/usr/bin/../share/java/kafka/zstd-jni-1.5.0-2.jar:/usr/bin/../share/java/kafka/kafka-tools-7.0.1-ccs.jar:/usr/bin/../share/java/kafka/maven-artifact-3.8.1.jar:/usr/bin/../share/java/kafka/connect-json-7.0.1-ccs.jar:/usr/bin/../share/java/kafka/reflections-0.9.12.jar:/usr/bin/../share/java/kafka/jackson-module-jaxb-annotations-2.12.3.jar:/usr/bin/../share/java/kafka/rocksdbjni-6.19.3.jar:/usr/bin/../share/java/kafka/connect-basic-auth-extension-7.0.1-ccs.jar:/usr/bin/../share/java/kafka/jakarta.ws.rs-api-2.1.6.jar:/usr/bin/../share/java/kafka/jetty-security-9.4.43.v20210629.jar:/usr/bin/../share/java/kafka/scala-library-2.13.6.jar:/usr/bin/../share/java/kafka/netty-transport-native-epoll-4.1.68.Final.jar:/usr/bin/../share/java/kafka/netty-transport-native-unix-common-4.1.68.Final.jar:/usr/bin/../share/java/kafka/connect-runtime-7.0.1-ccs.jar:/usr/bin/../share/java/kafka/scala-java8-compat_2.13-1.0.0.jar:/usr/bin/../share/java/kafka/kafka_2.13-7.0.1-ccs.jar:/usr/bin/../share/java/kafka/confluent-log4j-1.2.17-cp2.jar:/usr/bin/../share/java/kafka/netty-common-4.1.68.Final.jar:/usr/bin/../share/java/kafka/connect-api-7.0.1-ccs.jar:/usr/bin/../share/java/kafka/kafka-log4j-appender-7.0.1-ccs.jar:/usr/bin/../share/java/kafka/javassist-3.27.0-GA.jar:/usr/bin/../share/java/kafka/osgi-resource-locator-1.0.3.jar:/usr/bin/../share/java/kafka/hk2-utils-2.6.1.jar:/usr/bin/../share/java/kafka/slf4j-api-1.7.30.jar:/usr/bin/../share/java/kafka/jackson-jaxrs-json-provider-2.12.3.jar:/usr/bin/../share/java/kafka/kafka-clients-7.0.1-ccs.jar:/usr/bin/../share/java/kafka/jetty-util-ajax-9.4.43.v20210629.jar:/usr/bin/../share/java/kafka/plexus-utils-3.2.1.jar:/usr/bin/../share/java/kafka/netty-resolver-4.1.68.Final.jar:/usr/bin/../share/java/kafka/jackson-databind-2.12.3.jar:/usr/bin/../share/java/kafka/jetty-client-9.4.43.v20210629.jar:/usr/bin/../share/java/kafka/jakarta.xml.bind-api-2.3.2.jar:/usr/bin/../share/java/kafka/jackson-annotations-2.12.3.jar:/usr/bin/../share/java/kafka/connect-transforms-7.0.1-ccs.jar:/usr/bin/../share/java/kafka/netty-buffer-4.1.68.Final.jar:/usr/bin/../share/java/kafka/scala-reflect-2.13.6.jar:/usr/bin/../share/java/kafka/jopt-simple-5.0.4.jar:/usr/bin/../share/java/kafka/kafka.jar:/usr/bin/../share/java/kafka/javax.ws.rs-api-2.1.1.jar:/usr/bin/../share/java/kafka/hk2-locator-2.6.1.jar:/usr/bin/../share/java/kafka/paranamer-2.8.jar:/usr/bin/../share/java/kafka/activation-1.1.1.jar:/usr/bin/../share/java/kafka/jakarta.annotation-api-1.3.5.jar:/usr/bin/../share/java/kafka/scala-collection-compat_2.13-2.4.4.jar:/usr/bin/../share/java/kafka/connect-mirror-client-7.0.1-ccs.jar:/usr/bin/../share/java/kafka/kafka-streams-examples-7.0.1-ccs.jar:/usr/bin/../share/java/kafka/jakarta.inject-2.6.1.jar:/usr/bin/../share/java/kafka/jetty-continuation-9.4.43.v20210629.jar:/usr/bin/../share/java/kafka/jetty-util-9.4.43.v20210629.jar:/usr/bin/../share/java/kafka/commons-lang3-3.8.1.jar:/usr/bin/../share/java/kafka/jetty-servlet-9.4.43.v20210629.jar:/usr/bin/../share/java/kafka/kafka-streams-scala_2.13-7.0.1-ccs.jar:/usr/bin/../share/java/kafka/jackson-datatype-jdk8-2.12.3.jar:/usr/bin/../share/java/kafka/jakarta.activation-api-1.2.1.jar:/usr/bin/../share/java/confluent-telemetry/* (org.apache.zookeeper.server.ZooKeeperServer)
[2022-03-04 17:36:13,172] INFO Server environment:java.library.path=/usr/java/packages/lib:/usr/lib64:/lib64:/lib:/usr/lib (org.apache.zookeeper.server.ZooKeeperServer)
[2022-03-04 17:36:13,172] INFO Server environment:java.io.tmpdir=/tmp (org.apache.zookeeper.server.ZooKeeperServer)
[2022-03-04 17:36:13,172] INFO Server environment:java.compiler=<NA> (org.apache.zookeeper.server.ZooKeeperServer)
[2022-03-04 17:36:13,172] INFO Server environment:os.name=Linux (org.apache.zookeeper.server.ZooKeeperServer)
[2022-03-04 17:36:13,172] INFO Server environment:os.arch=amd64 (org.apache.zookeeper.server.ZooKeeperServer)
[2022-03-04 17:36:13,172] INFO Server environment:os.version=5.13.0-30-generic (org.apache.zookeeper.server.ZooKeeperServer)
[2022-03-04 17:36:13,172] INFO Server environment:user.name=appuser (org.apache.zookeeper.server.ZooKeeperServer)
[2022-03-04 17:36:13,173] INFO Server environment:user.home=/home/appuser (org.apache.zookeeper.server.ZooKeeperServer)
[2022-03-04 17:36:13,173] INFO Server environment:user.dir=/home/appuser (org.apache.zookeeper.server.ZooKeeperServer)
[2022-03-04 17:36:13,173] INFO Server environment:os.memory.free=493MB (org.apache.zookeeper.server.ZooKeeperServer)
[2022-03-04 17:36:13,173] INFO Server environment:os.memory.max=512MB (org.apache.zookeeper.server.ZooKeeperServer)
[2022-03-04 17:36:13,173] INFO Server environment:os.memory.total=512MB (org.apache.zookeeper.server.ZooKeeperServer)
[2022-03-04 17:36:13,173] INFO zookeeper.enableEagerACLCheck = false (org.apache.zookeeper.server.ZooKeeperServer)
[2022-03-04 17:36:13,173] INFO zookeeper.digest.enabled = true (org.apache.zookeeper.server.ZooKeeperServer)
[2022-03-04 17:36:13,173] INFO zookeeper.closeSessionTxn.enabled = true (org.apache.zookeeper.server.ZooKeeperServer)
[2022-03-04 17:36:13,173] INFO zookeeper.flushDelay=0 (org.apache.zookeeper.server.ZooKeeperServer)
[2022-03-04 17:36:13,173] INFO zookeeper.maxWriteQueuePollTime=0 (org.apache.zookeeper.server.ZooKeeperServer)
[2022-03-04 17:36:13,173] INFO zookeeper.maxBatchSize=1000 (org.apache.zookeeper.server.ZooKeeperServer)
[2022-03-04 17:36:13,173] INFO zookeeper.intBufferStartingSizeBytes = 1024 (org.apache.zookeeper.server.ZooKeeperServer)
[2022-03-04 17:36:13,174] INFO Weighed connection throttling is disabled (org.apache.zookeeper.server.BlueThrottle)
[2022-03-04 17:36:13,175] INFO minSessionTimeout set to 4000 (org.apache.zookeeper.server.ZooKeeperServer)
[2022-03-04 17:36:13,175] INFO maxSessionTimeout set to 40000 (org.apache.zookeeper.server.ZooKeeperServer)
[2022-03-04 17:36:13,176] INFO Response cache size is initialized with value 400. (org.apache.zookeeper.server.ResponseCache)
[2022-03-04 17:36:13,176] INFO Response cache size is initialized with value 400. (org.apache.zookeeper.server.ResponseCache)
[2022-03-04 17:36:13,177] INFO zookeeper.pathStats.slotCapacity = 60 (org.apache.zookeeper.server.util.RequestPathMetricsCollector)
[2022-03-04 17:36:13,177] INFO zookeeper.pathStats.slotDuration = 15 (org.apache.zookeeper.server.util.RequestPathMetricsCollector)
[2022-03-04 17:36:13,178] INFO zookeeper.pathStats.maxDepth = 6 (org.apache.zookeeper.server.util.RequestPathMetricsCollector)
[2022-03-04 17:36:13,178] INFO zookeeper.pathStats.initialDelay = 5 (org.apache.zookeeper.server.util.RequestPathMetricsCollector)
[2022-03-04 17:36:13,178] INFO zookeeper.pathStats.delay = 5 (org.apache.zookeeper.server.util.RequestPathMetricsCollector)
[2022-03-04 17:36:13,178] INFO zookeeper.pathStats.enabled = false (org.apache.zookeeper.server.util.RequestPathMetricsCollector)
[2022-03-04 17:36:13,180] INFO The max bytes for all large requests are set to 104857600 (org.apache.zookeeper.server.ZooKeeperServer)
[2022-03-04 17:36:13,180] INFO The large request threshold is set to -1 (org.apache.zookeeper.server.ZooKeeperServer)
[2022-03-04 17:36:13,180] INFO Created server with tickTime 2000 minSessionTimeout 4000 maxSessionTimeout 40000 clientPortListenBacklog -1 datadir /var/lib/zookeeper/log/version-2 snapdir /var/lib/zookeeper/data/version-2 (org.apache.zookeeper.server.ZooKeeperServer)
[2022-03-04 17:36:13,208] INFO Logging initialized @675ms to org.eclipse.jetty.util.log.Slf4jLog (org.eclipse.jetty.util.log)
[2022-03-04 17:36:13,298] WARN o.e.j.s.ServletContextHandler@2d29b4ee{/,null,STOPPED} contextPath ends with /* (org.eclipse.jetty.server.handler.ContextHandler)
[2022-03-04 17:36:13,298] WARN Empty contextPath (org.eclipse.jetty.server.handler.ContextHandler)
[2022-03-04 17:36:13,321] INFO jetty-9.4.43.v20210629; built: 2021-06-30T11:07:22.254Z; git: 526006ecfa3af7f1a27ef3a288e2bef7ea9dd7e8; jvm 11.0.13+8-LTS (org.eclipse.jetty.server.Server)
[2022-03-04 17:36:13,366] INFO DefaultSessionIdManager workerName=node0 (org.eclipse.jetty.server.session)
[2022-03-04 17:36:13,366] INFO No SessionScavenger set, using defaults (org.eclipse.jetty.server.session)
[2022-03-04 17:36:13,368] INFO node0 Scavenging every 600000ms (org.eclipse.jetty.server.session)
[2022-03-04 17:36:13,371] WARN ServletContext@o.e.j.s.ServletContextHandler@2d29b4ee{/,null,STARTING} has uncovered http methods for path: /* (org.eclipse.jetty.security.SecurityHandler)
[2022-03-04 17:36:13,379] INFO Started o.e.j.s.ServletContextHandler@2d29b4ee{/,null,AVAILABLE} (org.eclipse.jetty.server.handler.ContextHandler)
[2022-03-04 17:36:13,390] INFO Started ServerConnector@70cf32e3{HTTP/1.1, (http/1.1)}{0.0.0.0:8080} (org.eclipse.jetty.server.AbstractConnector)
[2022-03-04 17:36:13,390] INFO Started @857ms (org.eclipse.jetty.server.Server)
[2022-03-04 17:36:13,390] INFO Started AdminServer on address 0.0.0.0, port 8080 and command URL /commands (org.apache.zookeeper.server.admin.JettyAdminServer)
[2022-03-04 17:36:13,394] INFO Using org.apache.zookeeper.server.NIOServerCnxnFactory as server connection factory (org.apache.zookeeper.server.ServerCnxnFactory)
[2022-03-04 17:36:13,394] WARN maxCnxns is not configured, using default value 0. (org.apache.zookeeper.server.ServerCnxnFactory)
[2022-03-04 17:36:13,395] INFO Configuring NIO connection handler with 10s sessionless connection timeout, 1 selector thread(s), 8 worker threads, and 64 kB direct buffers. (org.apache.zookeeper.server.NIOServerCnxnFactory)
[2022-03-04 17:36:13,396] INFO binding to port 0.0.0.0/0.0.0.0:2183 (org.apache.zookeeper.server.NIOServerCnxnFactory)
[2022-03-04 17:36:13,410] INFO Using org.apache.zookeeper.server.watch.WatchManager as watch manager (org.apache.zookeeper.server.watch.WatchManagerFactory)
[2022-03-04 17:36:13,410] INFO Using org.apache.zookeeper.server.watch.WatchManager as watch manager (org.apache.zookeeper.server.watch.WatchManagerFactory)
[2022-03-04 17:36:13,412] INFO zookeeper.snapshotSizeFactor = 0.33 (org.apache.zookeeper.server.ZKDatabase)
[2022-03-04 17:36:13,412] INFO zookeeper.commitLogCount=500 (org.apache.zookeeper.server.ZKDatabase)
[2022-03-04 17:36:13,414] INFO zookeeper.snapshot.compression.method = CHECKED (org.apache.zookeeper.server.persistence.SnapStream)
[2022-03-04 17:36:13,415] INFO Reading snapshot /var/lib/zookeeper/data/version-2/snapshot.193 (org.apache.zookeeper.server.persistence.FileSnap)
[2022-03-04 17:36:13,425] INFO The digest in the snapshot has digest version of 2, , with zxid as 0x193, and digest value as 528665307013 (org.apache.zookeeper.server.DataTree)
[2022-03-04 17:36:13,430] INFO Snapshot loaded in 18 ms, highest zxid is 0x193, digest is 528665307013 (org.apache.zookeeper.server.ZKDatabase)
[2022-03-04 17:36:13,430] INFO Snapshotting: 0x193 to /var/lib/zookeeper/data/version-2/snapshot.193 (org.apache.zookeeper.server.persistence.FileTxnSnapLog)
[2022-03-04 17:36:13,437] INFO Snapshot taken in 7 ms (org.apache.zookeeper.server.ZooKeeperServer)
[2022-03-04 17:36:13,449] INFO PrepRequestProcessor (sid:0) started, reconfigEnabled=false (org.apache.zookeeper.server.PrepRequestProcessor)
[2022-03-04 17:36:13,449] INFO zookeeper.request_throttler.shutdownTimeout = 10000 (org.apache.zookeeper.server.RequestThrottler)
[2022-03-04 17:36:13,463] INFO Using checkIntervalMs=60000 maxPerMinute=10000 maxNeverUsedIntervalMs=0 (org.apache.zookeeper.server.ContainerManager)
[2022-03-04 17:36:13,464] INFO ZooKeeper audit is disabled. (org.apache.zookeeper.audit.ZKAuditProvider)
[2022-03-04 17:36:28,887] INFO Creating new log file: log.194 (org.apache.zookeeper.server.persistence.FileTxnLog)
[2022-03-04 17:40:16,575] WARN Unexpected exception (org.apache.zookeeper.server.NIOServerCnxn)
EndOfStreamException: Unable to read additional data from client, it probably closed the socket: address = /172.18.0.6:35936, session = 0x10001a6fb940001
	at org.apache.zookeeper.server.NIOServerCnxn.handleFailedRead(NIOServerCnxn.java:163)
	at org.apache.zookeeper.server.NIOServerCnxn.doIO(NIOServerCnxn.java:326)
	at org.apache.zookeeper.server.NIOServerCnxnFactory$IOWorkRequest.doWork(NIOServerCnxnFactory.java:522)
	at org.apache.zookeeper.server.WorkerService$ScheduledWorkRequest.run(WorkerService.java:154)
	at java.base/java.util.concurrent.ThreadPoolExecutor.runWorker(ThreadPoolExecutor.java:1128)
	at java.base/java.util.concurrent.ThreadPoolExecutor$Worker.run(ThreadPoolExecutor.java:628)
	at java.base/java.lang.Thread.run(Thread.java:829)
